<?xml version="1.0" encoding="UTF-8"?>
<testsuite xmlns:xsi="http://www.w3.org/2001/XMLSchema-instance" xsi:noNamespaceSchemaLocation="https://maven.apache.org/surefire/maven-surefire-plugin/xsd/surefire-test-report.xsd" name="helloworldapp.HelloWorldWorkflowTest" time="6.163" tests="2" errors="0" skipped="0" failures="2">
  <properties>
[...]
</properties>
  <testcase name="testMockedGetGreeting" classname="helloworldapp.HelloWorldWorkflowTest" time="1.897">
    <failure message="expected:&lt;[Hello World!................4444444444]&gt; but was:&lt;[Workflow completed with API response: Hello World!.............1111111]&gt;" type="org.junit.ComparisonFailure"><![CDATA[org.junit.ComparisonFailure: expected:<[Hello World!................4444444444]> but was:<[Workflow completed with API response: Hello World!.............1111111]>
	at helloworldapp.HelloWorldWorkflowTest.testMockedGetGreeting(HelloWorldWorkflowTest.java:50)
]]></failure>
    <system-err><![CDATA[WORKFLOW EXECUTION HISTORIES:
Stored Workflows:
ExecutionId{namespace='UnitTest', execution=workflow_id: "42922467-bf94-4b20-9b58-5b3d8c067401"
run_id: "1d3c8873-2e7b-4f07-a67c-8b13a2e09eb0"
}

event_id: 1
event_time { seconds: 1700480161 nanos: 162000000 }
event_type: EVENT_TYPE_WORKFLOW_EXECUTION_STARTED
workflow_execution_started_event_attributes { 
  workflow_type { name: "HelloWorldWorkflow" }
  task_queue { name: "WorkflowTest-testMockedGetGreeting-dcdbf1b1-8a66-4328-802e-3eed6e5f34b8" }
  input {
  }
  workflow_execution_timeout { seconds: 315360000 }
  workflow_run_timeout { seconds: 315360000 }
  workflow_task_timeout { seconds: 10 }
  original_execution_run_id: "1d3c8873-2e7b-4f07-a67c-8b13a2e09eb0"
  identity: "225420@HP-Gulshan"
  first_execution_run_id: "1d3c8873-2e7b-4f07-a67c-8b13a2e09eb0"
  attempt: 1
  header { }
}

event_id: 2
event_time { seconds: 1700480161 nanos: 162000000 }
event_type: EVENT_TYPE_WORKFLOW_TASK_SCHEDULED
workflow_task_scheduled_event_attributes { 
  task_queue { name: "WorkflowTest-testMockedGetGreeting-dcdbf1b1-8a66-4328-802e-3eed6e5f34b8" }
  start_to_close_timeout { seconds: 10 }
  attempt: 1
}

event_id: 3
event_time { seconds: 1700480161 nanos: 177000000 }
event_type: EVENT_TYPE_WORKFLOW_TASK_STARTED
workflow_task_started_event_attributes { 
  scheduled_event_id: 2
  identity: "225420@HP-Gulshan"
}

event_id: 4
event_time { seconds: 1700480161 nanos: 420000000 }
event_type: EVENT_TYPE_WORKFLOW_TASK_COMPLETED
workflow_task_completed_event_attributes { 
  scheduled_event_id: 2
  identity: "225420@HP-Gulshan"
  metering_metadata { }
}

event_id: 5
event_time { seconds: 1700480161 nanos: 420000000 }
event_type: EVENT_TYPE_ACTIVITY_TASK_SCHEDULED
activity_task_scheduled_event_attributes { 
  activity_id: "4d8ab0b0-1bd9-360c-a25f-757310dc4dd5"
  activity_type { name: "MakeApiCall" }
  task_queue { name: "WorkflowTest-testMockedGetGreeting-dcdbf1b1-8a66-4328-802e-3eed6e5f34b8" }
  header { }
  input {
    payloads {
      metadata {
        key: "encoding"
        value: "json/plain"
      }
      data: "\"https://api.artic.edu/api/v1/artworks\""
    }
  }
  schedule_to_close_timeout { seconds: 315360000 }
  schedule_to_start_timeout { seconds: 315360000 }
  start_to_close_timeout { seconds: 60 }
  heartbeat_timeout { }
  workflow_task_completed_event_id: 3
  retry_policy { initial_interval { seconds: 1 } backoff_coefficient: 2.0 maximum_interval { seconds: 100 } }
}

event_id: 6
event_time { seconds: 1700480161 nanos: 423000000 }
event_type: EVENT_TYPE_ACTIVITY_TASK_STARTED
activity_task_started_event_attributes { 
  scheduled_event_id: 5
  identity: "225420@HP-Gulshan"
  attempt: 1
}

event_id: 7
event_time { seconds: 1700480161 nanos: 451000000 }
event_type: EVENT_TYPE_ACTIVITY_TASK_COMPLETED
activity_task_completed_event_attributes { 
  result {
    payloads {
      metadata {
        key: "encoding"
        value: "json/plain"
      }
      data: "\"Hello World!.............1111111\""
    }
  }
  scheduled_event_id: 5
  started_event_id: 6
  identity: "225420@HP-Gulshan"
}

event_id: 8
event_time { seconds: 1700480161 nanos: 451000000 }
event_type: EVENT_TYPE_WORKFLOW_TASK_SCHEDULED
workflow_task_scheduled_event_attributes { 
  task_queue { name: "WorkflowTest-testMockedGetGreeting-dcdbf1b1-8a66-4328-802e-3eed6e5f34b8" }
  start_to_close_timeout { seconds: 10 }
  attempt: 1
}

event_id: 9
event_time { seconds: 1700480161 nanos: 451000000 }
event_type: EVENT_TYPE_WORKFLOW_TASK_STARTED
workflow_task_started_event_attributes { 
  scheduled_event_id: 8
  identity: "225420@HP-Gulshan"
}

event_id: 10
event_time { seconds: 1700480161 nanos: 463000000 }
event_type: EVENT_TYPE_WORKFLOW_TASK_COMPLETED
workflow_task_completed_event_attributes { 
  scheduled_event_id: 8
  identity: "225420@HP-Gulshan"
  metering_metadata { }
}

event_id: 11
event_time { seconds: 1700480161 nanos: 463000000 }
event_type: EVENT_TYPE_WORKFLOW_EXECUTION_COMPLETED
workflow_execution_completed_event_attributes { 
  result {
    payloads {
      metadata {
        key: "encoding"
        value: "json/plain"
      }
      data: "\"Workflow completed with API response: Hello World!.............1111111\""
    }
  }
  workflow_task_completed_event_id: 9
}



]]></system-err>
  </testcase>
  <testcase name="testIntegrationGetGreeting" classname="helloworldapp.HelloWorldWorkflowTest" time="3.474">
    <failure message="expected:&lt;[Hello John!]&gt; but was:&lt;[Workflow completed with API response: {&quot;pagination&quot;:{&quot;total&quot;:123514,&quot;limit&quot;:12,&quot;offset&quot;:0,&quot;total_pages&quot;:10293,&quot;current_page&quot;:1,&quot;next_url&quot;:&quot;https:\/\/api.artic.edu\/api\/v1\/artworks?page=2&quot;},&quot;data&quot;:[{&quot;id&quot;:6010,&quot;api_model&quot;:&quot;artworks&quot;,&quot;api_link&quot;:&quot;https:\/\/api.artic.edu\/api\/v1\/artworks\/6010&quot;,&quot;is_boosted&quot;:false,&quot;title&quot;:&quot;Number 19&quot;,&quot;alt_titles&quot;:null,&quot;thumbnail&quot;:{&quot;lqip&quot;:&quot;data:image\/gif;base64,R0lGODlhAwAFAPMAAKlyV6pyWqt2Xad9W654XYx+d6qMUqyRV5OCdqeAaa+DbLWIaLeLcLKKd7ePgAAAACH5BAAAAAAALAAAAAADAAUAAAQLUASAFClptHUcMxEAOw==&quot;,&quot;width&quot;:16610,&quot;height&quot;:10836,&quot;alt_text&quot;:&quot;Blurry rectangles of yellow, gray, and black float against background of orange.&quot;},&quot;main_reference_number&quot;:&quot;1957.308&quot;,&quot;has_not_been_viewed_much&quot;:false,&quot;boost_rank&quot;:null,&quot;date_start&quot;:1949,&quot;date_end&quot;:1949,&quot;date_display&quot;:&quot;1949&quot;,&quot;date_qualifier_title&quot;:&quot;&quot;,&quot;date_qualifier_id&quot;:null,&quot;artist_display&quot;:&quot;Mark Rothko (Marcus Rothkowitz)\nAmerican, born Russia (Latvia), 1903\u20131970&quot;,&quot;place_of_origin&quot;:&quot;United States&quot;,&quot;description&quot;:&quot;&lt;p&gt;Like many of the New York School painters of the 1940s, Mark Rothko was largely influenced by Surrealism, creating allegorical abstractions depicting biomorphic and mythological forms. By 1947 he abandoned representational imagery entirely and began working with color, light, and space. &lt;em&gt;Number 19&lt;\/em&gt; follows the characteristic format of his multiform paintings, in which loosely defined organic shapes hover over a thinly brushed background. Whereas color once assumed a supporting role in his compositions, by this period, color had become a defining force, thus marking the transition from Rothko\u2019s early work to his mature, color-field paintings.&lt;\/p&gt;\n&quot;,&quot;dimensions&quot;:&quot;172.8 \u00d7 101.8 cm (68 \u00d7 40 1\/8 in.)&quot;,&quot;dimensions_detail&quot;:[{&quot;depth_cm&quot;:0,&quot;depth_in&quot;:0,&quot;width_cm&quot;:101.8,&quot;width_in&quot;:40.125,&quot;height_cm&quot;:172.8,&quot;height_in&quot;:68,&quot;diameter_cm&quot;:0,&quot;diameter_in&quot;:0,&quot;clarification&quot;:null}],&quot;medium_display&quot;:&quot;Oil on canvas&quot;,&quot;inscriptions&quot;:&quot;Not inscribed on recto; inscribed: verso: \&quot;Mark Rothko \/ 1949\&quot; (lower left in orange-red paint); \&quot;Top\&quot; (on upper strainer member in orange-red paint)&quot;,&quot;credit_line&quot;:&quot;Anonymous gift&quot;,&quot;catalogue_display&quot;:&quot;&lt;p&gt;Anfam&lt;\/p&gt;&quot;,&quot;publication_history&quot;:&quot;Robert Goldwater, \u201cReflections on the Rothko Exhibition,\u201d \u201cArts\u201d 35, 6 (March 1961), p. 44 (ill.), as \u201cNo. 19, 1948.\u201d\n\nPeter Selz, \u201cMark Rothko,\u201d \u201cL\u2019Oeil\u201d 76 (April 1961), p. 39 (ill.), as \u201cNumber 19, 1948.\u201d\n\nT. Elder Dickson, \u201c\u2018Pure Art\u2019: Past Present and Future,\u201d \u201cThe Studio\u201d 162, 820 (August 1961), p. 45 (ill.), as \u201cNo. 19, 1948.\u201d\n\n\u201cPaintings in the Art Institute of Chicago\u201d (Art Institute of Chicago, 1961), p. 405.\n\nJohn Ashbery, \u201cParis Notes,\u201d \u201cArt International\u201d 7, 2 (February 25, 1963), p. 73 (inverted ill.), as \u201cNumber 19, 1948.\u201d\n\nRobert T. Buck, Jr. et al., \u201cSam Francis: Paintings 1947\u20131972,\u201d exh. cat. (Albright-Knox Art Gallery, 1972), p. 16 (ill.), as \u201cNo. 19, 1948.\u201d\n\nElizabeth Till, \u201cMark Rothko at the Guggenheim,\u201d \u201cNorthwest: The Sunday Oregonian Magazine\u201d (December 17, 1978), p. 11 (inverted ill.). \n\nDiane Waldman et al., \u201cMark Rothko, 1903\u20131970: A Retrospective,\u201d exh. cat. (Solomon R. Guggenheim Museum\/Harry N. Abrams, 1978), pp. 56, 273, cat. 88 (color ill.). \n\nHugh Adams, \u201cModern Painting\u201d (Phaidon, 1979), p. 57 (color ill.), as \u201cPainting, 1953\u20134.\u201d\n\nNobuyuki Hiromoto, \u201cMark Rothko,\u201d Contemporary Great Masters 4 (Kodansha, 1993), pl. 13 (color ill.).\n\nJames N. Wood and Teri J. Edelstein, \u201cThe Art Institute of Chicago: Twentieth-Century Painting and Sculpture\u201d (Hudson Hills Press, 1996), p. 97 (color ill.).\n\nDavid Anfam, \&quot;Mark Rothko, The Works on Canvas: A Catalogue Raisonn\u00e9\&quot; (National Gallery of Art\/Yale University Press, 1998), pp. 61, 69, fig. 65 (photo), cat. 403 (color ill.).\n\nGlenn Phillips and Thomas Crow, eds., \u201cSeeing Rothko\u201d (Getty Research Institute, 2005), p. 33, pl. 16 (color ill.).\n\nSuzanne Pag\u00e9, Rothko: Every Picture Tells a Story, exh. cat. (Paris: Citadelles &amp; Mazemod, 2023), 77 (color ill.) 300.&quot;,&quot;exhibition_history&quot;:&quot;New York, Whitney Museum of American Art, \u201cAnnual Exhibition of Contemporary American Painting,\u201d December 16, 1949\u2013February 5, 1950, cat. 117.\n\nUrbana, College of Fine and Applied Arts, University of Illinois, \u201cExhibition of Contemporary American Painting,\u201d March 4\u2013April 15, 1951, p. 214, cat. 114, pl. 35 (ill.).\n\nNew York, Museum of Modern Art, \u201cMark Rothko,\u201d January 18\u2013March 12, 1961, cat. by Peter Selz, pp. 19 (ill.), 43, as \u201cNo. 19, 1948.\u201d\n\nBirmingham Museum of Art, \u201cTenth Anniversary Exhibition,\u201d April 30\u2013May 31, 1961, no cat.\n\nNagaoka, Japan, Niigata Prefectural Museum of Modern Art, \u201cMasterworks of Modern Art from the Art Institute of Chicago,\u201d April 20\u2013May 29, 1994; traveled to Nagoya, Aichi Prefectural Museum of Art, June 10\u2013July 24, 1994, and Yokohama Museum of Art, August 6\u2013September 25, 1994, cat. 65 (color ill.)\n\nWashington, D. C., National Gallery of Art, \u201cMark Rothko,\u201d May 3\u2013August 16, 1998, cat. by Jeffrey Weiss et al.; traveled to New York, Whitney Museum of American Art, September 10\u2013November 29, 1998, and Mus\u00e9e d\u2019Art Moderne de la Ville de Paris, January 8\u2013April 18, 1999, p. 342, cat. 39 (color ill.); French cat., cat. 21 (color ill.).\n\nParis, Fondation Louis Vuitton, Mark Rothko, Oct. 18, 2023\u2013Apr. 2, 2024, cat. 42.&quot;,&quot;provenance_text&quot;:&quot;Betty Parsons Gallery, New York, by 1950; sold to private collectors, Chicago, 1950; given anonymously to the Art Institute, 1957.&quot;,&quot;edition&quot;:null,&quot;publishing_verification_level&quot;:&quot;Web Cataloged&quot;,&quot;internal_department_id&quot;:246,&quot;fiscal_year&quot;:null,&quot;fiscal_year_deaccession&quot;:null,&quot;is_public_domain&quot;:false,&quot;is_zoomable&quot;:true,&quot;max_zoom_window_size&quot;:1280,&quot;copyright_notice&quot;:&quot;\u00a9 1998 Kate Rothko Prizel &amp; Christopher Rothko \/ Artists Rights Society (ARS), New York&quot;,&quot;has_multimedia_resources&quot;:false,&quot;has_educational_resources&quot;:false,&quot;has_advanced_imaging&quot;:false,&quot;colorfulness&quot;:0,&quot;color&quot;:{&quot;h&quot;:341,&quot;l&quot;:30,&quot;s&quot;:4,&quot;percentage&quot;:5.074518320462449e-5,&quot;population&quot;:75},&quot;latitude&quot;:null,&quot;longitude&quot;:null,&quot;latlon&quot;:null,&quot;is_on_view&quot;:false,&quot;on_loan_display&quot;:&quot;&lt;p&gt;On loan to Fondation Louis Vuitton for &lt;i&gt;Mark Rothko&lt;\/i&gt;&lt;\/p&gt;&quot;,&quot;gallery_title&quot;:null,&quot;gallery_id&quot;:null,&quot;nomisma_id&quot;:null,&quot;artwork_type_title&quot;:&quot;Painting&quot;,&quot;artwork_type_id&quot;:1,&quot;department_title&quot;:&quot;Contemporary Art&quot;,&quot;department_id&quot;:&quot;PC-8&quot;,&quot;artist_id&quot;:36467,&quot;artist_title&quot;:&quot;Mark Rothko&quot;,&quot;alt_artist_ids&quot;:[],&quot;artist_ids&quot;:[36467],&quot;artist_titles&quot;:[&quot;Mark Rothko&quot;],&quot;category_ids&quot;:[&quot;PC-8&quot;],&quot;category_titles&quot;:[&quot;Contemporary Art&quot;],&quot;term_titles&quot;:[&quot;painting&quot;,&quot;rectangles&quot;,&quot;modern and contemporary art&quot;,&quot;gray (color)&quot;,&quot;orange (color)&quot;,&quot;yellow (color)&quot;,&quot;colors&quot;],&quot;style_id&quot;:null,&quot;style_title&quot;:null,&quot;alt_style_ids&quot;:[],&quot;style_ids&quot;:[],&quot;style_titles&quot;:[],&quot;classification_id&quot;:&quot;TM-9&quot;,&quot;classification_title&quot;:&quot;painting&quot;,&quot;alt_classification_ids&quot;:[&quot;TM-155&quot;],&quot;classification_ids&quot;:[&quot;TM-9&quot;,&quot;TM-155&quot;],&quot;classification_titles&quot;:[&quot;painting&quot;,&quot;modern and contemporary art&quot;],&quot;subject_id&quot;:&quot;TM-12656&quot;,&quot;alt_subject_ids&quot;:[&quot;TM-11840&quot;,&quot;TM-11905&quot;,&quot;TM-11842&quot;,&quot;TM-12479&quot;],&quot;subject_ids&quot;:[&quot;TM-12656&quot;,&quot;TM-11840&quot;,&quot;TM-11905&quot;,&quot;TM-11842&quot;,&quot;TM-12479&quot;],&quot;subject_titles&quot;:[&quot;rectangles&quot;,&quot;gray (color)&quot;,&quot;orange (color)&quot;,&quot;yellow (color)&quot;,&quot;colors&quot;],&quot;material_id&quot;:null,&quot;alt_material_ids&quot;:[],&quot;material_ids&quot;:[],&quot;material_titles&quot;:[],&quot;technique_id&quot;:null,&quot;alt_technique_ids&quot;:[],&quot;technique_ids&quot;:[],&quot;technique_titles&quot;:[],&quot;theme_titles&quot;:[],&quot;image_id&quot;:&quot;0a0e16c5-8510-bb2d-b2ca-424feae48d5c&quot;,&quot;alt_image_ids&quot;:[],&quot;document_ids&quot;:[],&quot;sound_ids&quot;:[],&quot;video_ids&quot;:[],&quot;text_ids&quot;:[],&quot;section_ids&quot;:[],&quot;section_titles&quot;:[],&quot;site_ids&quot;:[],&quot;suggest_autocomplete_all&quot;:[{&quot;input&quot;:[&quot;1957.308&quot;],&quot;contexts&quot;:{&quot;groupings&quot;:[&quot;accession&quot;]}},{&quot;input&quot;:[&quot;Number 19&quot;],&quot;weight&quot;:7240,&quot;contexts&quot;:{&quot;groupings&quot;:[&quot;title&quot;]}}],&quot;source_updated_at&quot;:&quot;2023-11-20T00:30:10-06:00&quot;,&quot;updated_at&quot;:&quot;2023-11-20T00:31:44-06:00&quot;,&quot;timestamp&quot;:&quot;2023-11-20T05:28:35-06:00&quot;},{&quot;id&quot;:9505,&quot;api_model&quot;:&quot;artworks&quot;,&quot;api_link&quot;:&quot;https:\/\/api.artic.edu\/api\/v1\/artworks\/9505&quot;,&quot;is_boosted&quot;:false,&quot;title&quot;:&quot;Two Studies of a Roma Woman and a Roma Boy in a Large Hat&quot;,&quot;alt_titles&quot;:null,&quot;thumbnail&quot;:{&quot;lqip&quot;:&quot;data:image\/gif;base64,R0lGODlhBgAFAPQAAJR+ZZaBaZ+JcJ+Kc6CKcKCLcqOMcqONcqKMc6ONc6SNcqWOdaeSeKmTeauUe66Yf7Obf6+agLCagbKcgbOcgbOdgbKcgrOdgrafhLulirymi8GrjsavkgAAAAAAAAAAACH5BAAAAAAALAAAAAAGAAUAAAUYYLZNE6c5BxVcEqYwhDBUUAIYSLQ0hfWEADs=&quot;,&quot;width&quot;:5824,&quot;height&quot;:5093,&quot;alt_text&quot;:&quot;A work made of pen and black iron gall ink on tan laid paper.&quot;},&quot;main_reference_number&quot;:&quot;1959.2&quot;,&quot;has_not_been_viewed_much&quot;:false,&quot;boost_rank&quot;:null,&quot;date_start&quot;:1600,&quot;date_end&quot;:1610,&quot;date_display&quot;:&quot;c. 1605&quot;,&quot;date_qualifier_title&quot;:&quot;&quot;,&quot;date_qualifier_id&quot;:null,&quot;artist_display&quot;:&quot;Jacques de Gheyn II\nDutch, 1565-1629&quot;,&quot;place_of_origin&quot;:&quot;Netherlands&quot;,&quot;description&quot;:&quot;&lt;p&gt;Jacques De Gheyn II employed a stylized graphic language of hatching and cross-hatching to capture the individual features and garments of the figures represented here, which include a woman shown from two vantage points and a young boy. The artist used iron gall ink made from the protective growth an oak tree produces after a wasp lays its eggs inside the tree branch. The ink is deep brown and almost black in some areas. Because iron gall ink contains a high concentration of tannic acid, however, it dissolves paper over time. Above the right foot of the Roma woman the damaged paper was repaired.&lt;\/p&gt;\n&lt;p&gt;On several occasions De Gheyn represented figures from the Roma or Romani community, itinerant members of Dutch society whose origins can be traced to northern India. Often finding shelter at the outskirts of cities, the Roma frequently took up informal trades like peddling and fortune telling.&lt;\/p&gt;\n&quot;,&quot;dimensions&quot;:&quot;23 \u00d7 26 cm (9 1\/16 \u00d7 10 1\/4 in.)&quot;,&quot;dimensions_detail&quot;:[{&quot;depth_cm&quot;:0,&quot;depth_in&quot;:0,&quot;width_cm&quot;:26,&quot;width_in&quot;:10.2363,&quot;height_cm&quot;:23,&quot;height_in&quot;:9.0552,&quot;diameter_cm&quot;:0,&quot;diameter_in&quot;:0,&quot;clarification&quot;:null}],&quot;medium_display&quot;:&quot;Pen and black iron gall ink on tan laid paper&quot;,&quot;inscriptions&quot;:&quot;Inscribed verso, upper left, in graphite: \&quot;6\&quot; (on its side); center, in graphite: \&quot;Middleton\&quot;; lower left, in pen and brown ink: \&quot;R\/PB\&quot; (in a triangle (twice)); small circle with two diagonal lines extending below; lower center, in graphite: \&quot;Jacob de Gheyn \/ J d G\&quot;; lower center, in pen and brown ink: \&quot;Van der Veen\&quot;&quot;,&quot;credit_line&quot;:&quot;Gift of Tiffany and Margaret Blake&quot;,&quot;catalogue_display&quot;:null,&quot;publication_history&quot;:&quot;Harold Joachim, \&quot;Notes on Some Recently Acquired Drawings,\&quot; The Art Institute of Chicago Quarterly LIII:2 (Apr. 1959), p. 22 (ill. on cover of publication).\n\nAlfred Frankfurter, \&quot;Il Bon Disegno from Chicago,\&quot; Art News, 62 (Nov. 1963), p.30 (ill), p. 57. \n\nHarold Joachim, Art Institute of Chicago, A Quarter Century of Collecting: Drawings Given to the Art Institute of Chicago, 1944\u20131970, by Margaret Day Blake, Apr. 28\u2013June 7, 1970, n.p., cat. 6 (ill.). \n\nRichard Judson, The Drawings of Jacob de Gheyn (New York, 1973), vol II, p. 27, no. 105 (ill.).\n\nI. Q. van Regteren Altena, Jacques de Gheyn, Three Generations (The Hague: Martinus Nijhoff, 1983), vol. II, p. 88, no. 535, p. 154, pl. 298.\n\nNathan Goldstein, The Art of Responsive Drawing, 5th ed. (Upper Saddle River, 1999), pp. 143\u2013144 and 146, fig. 6.1. \n\nShelley Perlove and George S. Keyes (editors), Seventeenth-Century European Drawings in Midwestern Collections (South Bend, Ind: University of Notre Dame Press, 2014), pp. 114, fig. 2.\n\u2028William W. Robinson with contributions by Susan Anderson, Drawings from the Age of Bruegel, Rubens, and Rembrandt: Highlights from the Collection of the Harvard Art Museums (Cambridge: Harvard Art Museums, 2016), under cat. 39, figure 1, p. 142.&quot;,&quot;exhibition_history&quot;:&quot;New York, Charles Slatkin Galleries, Drawings by Old and Modern Masters, 1959, pl. VI.\n\nNew York, Wildenstein and Company, Master Drawings from The Art Institute of Chicago, Oct. 17\u2013Nov. 30, 1963, n.p., cat. 27, pl. XI.\n\nPoughkeepsie, N.Y., Vassar College Art Gallery, Dutch Mannerism, Apr. 15\u2013June 7, 1970, p. 37, pl. 33, cat. 40.\n\nWashington D.C., The National Gallery of Art, Seventeenth Century Dutch Drawings from American Collections, Jan. 30\u2013Mar. 13, 1977; also the Denver Art Museum, Apr. 1\u2013May 15, 1977; and Fort Worth, Tex., the Kimbell Art Museum, June 1\u2013July 15, 1977, pp. 8\u20139, cat. 5 (ill.).\n\nRotterdam, Museum Boymans-van Beuningen, Jacques de Gheyn II Drawings, 1986, p. 67, cat. 62 (ill.); also Washington, D.C., The National Gallery of Art.  \n\nRome, Galleria Nazionale d&apos;Arte Antica, Palazzo Barberini, Claude Mellan: gli anni romani: un incisore tra Vouet e Bernini, Oct. 24, 1989\u2013Jan. 8, 1990, cat. 32. [GRI L3] \n\nMilwaukee Art Museum, Old Master Drawings from Area Collections, Apr. 18\u2013June 29, 1997, pp. 13 and 26, pl. 12, cat. 24.\n\nArt Institute of Chicago, The Broad Spectrum: Color on Paper, Past and Present, Sept. 12\u2013Oct. 31, 1999, no cat.\n\nThe Art Institute of Chicago, \&quot;Rubens, Rembrandt, and Drawing in the Golden Age\&quot;, September 28, 2019 - January 5, 2020, pp. 145-46, 148 (ill.), 175, 299, cat. 46, cat. by Victoria Sancho Lobis, et. al.\n\nChicago, Newberry Libary, \&quot;Seeing Race Before Race\&quot;, September 8 - Decembr 30, 2023.&quot;,&quot;provenance_text&quot;:&quot;Anton Schmid (born 1904), Vienna [Altena 1973]. \u00a0Ch. Wertheimer, Paris [Altena 1973]. Sold by Charles Slatkin Galleries, New York, to the Art Institute of Chicago, 1959.&quot;,&quot;edition&quot;:null,&quot;publishing_verification_level&quot;:&quot;Web Cataloged&quot;,&quot;internal_department_id&quot;:3,&quot;fiscal_year&quot;:1959,&quot;fiscal_year_deaccession&quot;:null,&quot;is_public_domain&quot;:true,&quot;is_zoomable&quot;:true,&quot;max_zoom_window_size&quot;:-1,&quot;copyright_notice&quot;:null,&quot;has_multimedia_resources&quot;:false,&quot;has_educational_resources&quot;:false,&quot;has_advanced_imaging&quot;:false,&quot;colorfulness&quot;:23.5686,&quot;color&quot;:{&quot;h&quot;:340,&quot;l&quot;:32,&quot;s&quot;:9,&quot;percentage&quot;:0.007082027584497441,&quot;population&quot;:44},&quot;latitude&quot;:null,&quot;longitude&quot;:null,&quot;latlon&quot;:null,&quot;is_on_view&quot;:false,&quot;on_loan_display&quot;:&quot;&lt;p&gt;On loan to Newberry Library in Chicago for &lt;i&gt;Seeing Race Before Race&lt;\/i&gt;&lt;\/p&gt;&quot;,&quot;gallery_title&quot;:null,&quot;gallery_id&quot;:null,&quot;nomisma_id&quot;:null,&quot;artwork_type_title&quot;:&quot;Drawing and Watercolor&quot;,&quot;artwork_type_id&quot;:14,&quot;department_title&quot;:&quot;Prints and Drawings&quot;,&quot;department_id&quot;:&quot;PC-13&quot;,&quot;artist_id&quot;:40598,&quot;artist_title&quot;:&quot;Jacob de Gheyn, II&quot;,&quot;alt_artist_ids&quot;:[],&quot;artist_ids&quot;:[40598],&quot;artist_titles&quot;:[&quot;Jacob de Gheyn, II&quot;],&quot;category_ids&quot;:[&quot;PC-13&quot;],&quot;category_titles&quot;:[&quot;Prints and Drawings&quot;],&quot;term_titles&quot;:[&quot;pen and ink drawings&quot;,&quot;paper (fiber product)&quot;,&quot;ink&quot;,&quot;coating (material)&quot;,&quot;iron gall ink&quot;,&quot;drawings (visual works)&quot;,&quot;prints and drawing&quot;],&quot;style_id&quot;:null,&quot;style_title&quot;:null,&quot;alt_style_ids&quot;:[],&quot;style_ids&quot;:[],&quot;style_titles&quot;:[],&quot;classification_id&quot;:&quot;TM-212&quot;,&quot;classification_title&quot;:&quot;pen and ink drawings&quot;,&quot;alt_classification_ids&quot;:[&quot;TM-5&quot;,&quot;TM-4&quot;],&quot;classification_ids&quot;:[&quot;TM-212&quot;,&quot;TM-5&quot;,&quot;TM-4&quot;],&quot;classification_titles&quot;:[&quot;pen and ink drawings&quot;,&quot;drawings (visual works)&quot;,&quot;prints and drawing&quot;],&quot;subject_id&quot;:null,&quot;alt_subject_ids&quot;:[],&quot;subject_ids&quot;:[],&quot;subject_titles&quot;:[],&quot;material_id&quot;:&quot;TM-2982&quot;,&quot;alt_material_ids&quot;:[&quot;TM-2398&quot;,&quot;TM-3238&quot;,&quot;TM-2400&quot;],&quot;material_ids&quot;:[&quot;TM-2982&quot;,&quot;TM-2398&quot;,&quot;TM-3238&quot;,&quot;TM-2400&quot;],&quot;material_titles&quot;:[&quot;paper (fiber product)&quot;,&quot;ink&quot;,&quot;coating (material)&quot;,&quot;iron gall ink&quot;],&quot;technique_id&quot;:null,&quot;alt_technique_ids&quot;:[],&quot;technique_ids&quot;:[],&quot;technique_titles&quot;:[],&quot;theme_titles&quot;:[],&quot;image_id&quot;:&quot;9484feef-7c7f-e70f-4d5e-4320ece4bfd1&quot;,&quot;alt_image_ids&quot;:[&quot;be2cd958-c5f3-3d0f-dccc-6eef9740e590&quot;,&quot;a5a68822-0e66-82fb-ba7f-8a72189da5b5&quot;],&quot;document_ids&quot;:[],&quot;sound_ids&quot;:[],&quot;video_ids&quot;:[],&quot;text_ids&quot;:[],&quot;section_ids&quot;:[],&quot;section_titles&quot;:[],&quot;site_ids&quot;:[],&quot;suggest_autocomplete_all&quot;:[{&quot;input&quot;:[&quot;1959.2&quot;],&quot;contexts&quot;:{&quot;groupings&quot;:[&quot;accession&quot;]}},{&quot;input&quot;:[&quot;Two Studies of a Roma Woman and a Roma Boy in a Large Hat&quot;],&quot;weight&quot;:2744,&quot;contexts&quot;:{&quot;groupings&quot;:[&quot;title&quot;]}}],&quot;source_updated_at&quot;:&quot;2023-11-20T00:30:10-06:00&quot;,&quot;updated_at&quot;:&quot;2023-11-20T00:31:43-06:00&quot;,&quot;timestamp&quot;:&quot;2023-11-20T05:28:35-06:00&quot;},{&quot;id&quot;:7122,&quot;api_model&quot;:&quot;artworks&quot;,&quot;api_link&quot;:&quot;https:\/\/api.artic.edu\/api\/v1\/artworks\/7122&quot;,&quot;is_boosted&quot;:false,&quot;title&quot;:&quot;Seated Boy&quot;,&quot;alt_titles&quot;:null,&quot;thumbnail&quot;:{&quot;lqip&quot;:&quot;data:image\/gif;base64,R0lGODlhAwAFAPMAANXCo9bDpdfDpdnEptjFptjFp9nGqdrGqtvGqtzIq9vIrNzJrOHMseHNseXRtwAAACH5BAAAAAAALAAAAAADAAUAAAQLsDmWDiIDFBGWMhEAOw==&quot;,&quot;width&quot;:1467,&quot;height&quot;:2250,&quot;alt_text&quot;:&quot;A work made of graphite on cream laid paper.&quot;},&quot;main_reference_number&quot;:&quot;1958.15&quot;,&quot;has_not_been_viewed_much&quot;:false,&quot;boost_rank&quot;:null,&quot;date_start&quot;:1918,&quot;date_end&quot;:1918,&quot;date_display&quot;:&quot;1918&quot;,&quot;date_qualifier_title&quot;:&quot;&quot;,&quot;date_qualifier_id&quot;:null,&quot;artist_display&quot;:&quot;Max Beckmann\nGerman, 1884-1950&quot;,&quot;place_of_origin&quot;:&quot;Germany&quot;,&quot;description&quot;:null,&quot;dimensions&quot;:&quot;50.4 \u00d7 32.9 cm (19 7\/8 \u00d7 13 in.)&quot;,&quot;dimensions_detail&quot;:[{&quot;depth_cm&quot;:0,&quot;depth_in&quot;:0,&quot;width_cm&quot;:32.9,&quot;width_in&quot;:12.9528,&quot;height_cm&quot;:50.4,&quot;height_in&quot;:19.8426,&quot;diameter_cm&quot;:0,&quot;diameter_in&quot;:0,&quot;clarification&quot;:null}],&quot;medium_display&quot;:&quot;Graphite on cream laid paper&quot;,&quot;inscriptions&quot;:null,&quot;credit_line&quot;:&quot;Gift of the Print and Drawing Club&quot;,&quot;catalogue_display&quot;:null,&quot;publication_history&quot;:&quot;Stephan von Weise, Max Beckmanns Zeichnerisches work 1903-1925 (Dussledorf, 1978), pp. 133 and 214, no. 403 (ill.).\n\nKaroline Hille, Spuren der Moderne: Die Mannheimer Kunsthalle von 1918 bis 1933 (Berlin, 1994), pp. 321 and 380.&quot;,&quot;exhibition_history&quot;:&quot;Mannheim, Germany, St\u00e4dtische Kunsthalle Mannheim, \&quot;Max Beckmann \u2013 das gesammelte Werk,\&quot; 1928, cat. 126 (?).\n\nFrankfurt, Germany, Kunstkabinett Hanna Bekker vom Rath, \&quot;Max Beckmann,\&quot; July 9-August 12, 1955, cat. 16. \n\nPf\u00e4lzisch Landesgeurbeanstalt, Kaiserslautern, \&quot;Max Beckmann,\&quot; September 29-October 29, 1956, cat. 16.\n\nFrankfurt, Germany, Kunstkabinett Hanna Bekker vom Rath, \&quot;Gem\u00e4lde, Aquarelle, Handzeichnungen, Graphik, Plastik des 20 Jahrs,\&quot; 1956-1957, cat. 20. \n\nMunich, Haus der Kunst, \&quot;Max Beckmann,\&quot; February 25-April 23, 1984, cat. 154, cat. by Carla Schulz-Hoffmann and Judith C. Weiss, et. al.; traveled to Berlin, Nationalgalerie, May 18-July 29, 1984; the St. Louis Art Museum, September 7-November 4, 1984; the Los Angeles County Museum of Art, December 9, 1984-February 3, 1985.\n\nNew York, Neue Galerie, \&quot;Max Beckmann: Formative Years, 1915-1925\&quot;, October 5, 2023 - January 15, 2024.&quot;,&quot;provenance_text&quot;:&quot;Sold by Zinglers Kabinett, Frankfurt, to the Kunsthalle Mannheim [Lugt 1781E], 1924 [former inventory number G1952; according to records of the Kunsthalle Mannheim]; sequestrated Aug. 28, 1937 by the Reichsministerium f\u00fcr Volksaufkl\u00e4rung und Propaganda, Berlin (EK 6173); sold by Hildebrand Gurlitt, 1941 [records of the Kunsthalle Mannheim and an email from Hedda Finke of May 28, 2020].  Frankfurter Kunstkabinett Hanna Bekker vom Rath (opened 1947), by 1955 [Frankfurt 1955].  Sold by Allan Frumkin, New York, to the Art Institute, 1958.&quot;,&quot;edition&quot;:null,&quot;publishing_verification_level&quot;:&quot;Web Cataloged&quot;,&quot;internal_department_id&quot;:3,&quot;fiscal_year&quot;:null,&quot;fiscal_year_deaccession&quot;:null,&quot;is_public_domain&quot;:false,&quot;is_zoomable&quot;:true,&quot;max_zoom_window_size&quot;:1280,&quot;copyright_notice&quot;:&quot;\u00a9 2018 Artists Rights Society (ARS), New York \/ VG Bild-Kunst, Bonn&quot;,&quot;has_multimedia_resources&quot;:false,&quot;has_educational_resources&quot;:false,&quot;has_advanced_imaging&quot;:false,&quot;colorfulness&quot;:16.8627,&quot;color&quot;:{&quot;h&quot;:40,&quot;l&quot;:54,&quot;s&quot;:41,&quot;percentage&quot;:0.0007339456274730527,&quot;population&quot;:8},&quot;latitude&quot;:null,&quot;longitude&quot;:null,&quot;latlon&quot;:null,&quot;is_on_view&quot;:false,&quot;on_loan_display&quot;:&quot;&lt;p&gt;On loan to Neue Galerie New York in New York City for &lt;i&gt;Max Beckmann: Formative Years, 1915-1925&lt;\/i&gt;&lt;\/p&gt;&quot;,&quot;gallery_title&quot;:null,&quot;gallery_id&quot;:null,&quot;nomisma_id&quot;:null,&quot;artwork_type_title&quot;:&quot;Drawing and Watercolor&quot;,&quot;artwork_type_id&quot;:14,&quot;department_title&quot;:&quot;Prints and Drawings&quot;,&quot;department_id&quot;:&quot;PC-13&quot;,&quot;artist_id&quot;:33571,&quot;artist_title&quot;:&quot;Max Beckmann&quot;,&quot;alt_artist_ids&quot;:[],&quot;artist_ids&quot;:[33571],&quot;artist_titles&quot;:[&quot;Max Beckmann&quot;],&quot;category_ids&quot;:[&quot;PC-13&quot;],&quot;category_titles&quot;:[&quot;Prints and Drawings&quot;],&quot;term_titles&quot;:[&quot;graphite&quot;,&quot;paper (fiber product)&quot;,&quot;graphite&quot;,&quot;drawings (visual works)&quot;,&quot;prints and drawing&quot;],&quot;style_id&quot;:null,&quot;style_title&quot;:null,&quot;alt_style_ids&quot;:[],&quot;style_ids&quot;:[],&quot;style_titles&quot;:[],&quot;classification_id&quot;:&quot;TM-175&quot;,&quot;classification_title&quot;:&quot;graphite&quot;,&quot;alt_classification_ids&quot;:[&quot;TM-5&quot;,&quot;TM-4&quot;],&quot;classification_ids&quot;:[&quot;TM-175&quot;,&quot;TM-5&quot;,&quot;TM-4&quot;],&quot;classification_titles&quot;:[&quot;graphite&quot;,&quot;drawings (visual works)&quot;,&quot;prints and drawing&quot;],&quot;subject_id&quot;:null,&quot;alt_subject_ids&quot;:[],&quot;subject_ids&quot;:[],&quot;subject_titles&quot;:[],&quot;material_id&quot;:&quot;TM-2982&quot;,&quot;alt_material_ids&quot;:[&quot;TM-2410&quot;],&quot;material_ids&quot;:[&quot;TM-2982&quot;,&quot;TM-2410&quot;],&quot;material_titles&quot;:[&quot;paper (fiber product)&quot;,&quot;graphite&quot;],&quot;technique_id&quot;:null,&quot;alt_technique_ids&quot;:[],&quot;technique_ids&quot;:[],&quot;technique_titles&quot;:[],&quot;theme_titles&quot;:[],&quot;image_id&quot;:&quot;f2a2c17c-8eee-a1b8-cfe4-71bb59f3798e&quot;,&quot;alt_image_ids&quot;:[],&quot;document_ids&quot;:[],&quot;sound_ids&quot;:[],&quot;video_ids&quot;:[],&quot;text_ids&quot;:[],&quot;section_ids&quot;:[],&quot;section_titles&quot;:[],&quot;site_ids&quot;:[],&quot;suggest_autocomplete_all&quot;:[{&quot;input&quot;:[&quot;1958.15&quot;],&quot;contexts&quot;:{&quot;groupings&quot;:[&quot;accession&quot;]}},{&quot;input&quot;:[&quot;Seated Boy&quot;],&quot;weight&quot;:560,&quot;contexts&quot;:{&quot;groupings&quot;:[&quot;title&quot;]}}],&quot;source_updated_at&quot;:&quot;2023-11-20T00:30:10-06:00&quot;,&quot;updated_at&quot;:&quot;2023-11-20T00:31:43-06:00&quot;,&quot;timestamp&quot;:&quot;2023-11-20T05:28:35-06:00&quot;},{&quot;id&quot;:11294,&quot;api_model&quot;:&quot;artworks&quot;,&quot;api_link&quot;:&quot;https:\/\/api.artic.edu\/api\/v1\/artworks\/11294&quot;,&quot;is_boosted&quot;:false,&quot;title&quot;:&quot;Half-Length Female Nude&quot;,&quot;alt_titles&quot;:null,&quot;thumbnail&quot;:{&quot;lqip&quot;:&quot;data:image\/gif;base64,R0lGODlhBAAFAPQAAFlRTWpjXGtkXHJoX3VoY3drYnZsY3BqZHNrZHNvZ3lvZXNwaHNxaXZybH93a3l1bYZ+c4+CdZOCc5WGeAAAAAAAAAAAAAAAAAAAAAAAAAAAAAAAAAAAAAAAAAAAAAAAACH5BAAAAAAALAAAAAAEAAUAAAUR4NMIEHMASxIUDmJMETFISggAOw==&quot;,&quot;width&quot;:14989,&quot;height&quot;:18651,&quot;alt_text&quot;:&quot;A work made of oil on canvas.&quot;},&quot;main_reference_number&quot;:&quot;1959.619&quot;,&quot;has_not_been_viewed_much&quot;:false,&quot;boost_rank&quot;:null,&quot;date_start&quot;:1906,&quot;date_end&quot;:1906,&quot;date_display&quot;:&quot;autumn 1906&quot;,&quot;date_qualifier_title&quot;:&quot;&quot;,&quot;date_qualifier_id&quot;:null,&quot;artist_display&quot;:&quot;Pablo Picasso\nSpanish, active France, 1881\u20131973&quot;,&quot;place_of_origin&quot;:&quot;Spain&quot;,&quot;description&quot;:&quot;&lt;p&gt;From 1904 through 1906, Pablo Picasso moved away from the melancholic subjects of his Blue Period to the more optimistic themes of his Rose Period. In the summer of 1906, the artist traveled to the Catalan village of G\u00f3sol; upon his return to Paris that autumn, he painted &lt;em&gt;Half-Length Female Nude&lt;\/em&gt;. In stark contrast to the gaunt visage of &lt;a href=\&quot;https:\/\/www.artic.edu\/artworks\/28067\/the-old-guitarist\&quot;&gt;&lt;em&gt;The Old Guitarist&lt;\/em&gt;&lt;\/a&gt;, the angular, masklike qualities of the figure\u2019s face reveal Picasso\u2019s growing interest in ancient Iberian sculpture and non-Western art. In this way, the work anticipates his breakthrough to Cubism in 1907.&lt;\/p&gt;\n&quot;,&quot;dimensions&quot;:&quot;Canvas: 80.3 \u00d7 64.1 cm (31 5\/8 \u00d7 25 1\/4 in.); Panel: 81.6 \u00d7 65.4 cm (32 1\/8 \u00d7 25 3\/4 in.)&quot;,&quot;dimensions_detail&quot;:[{&quot;depth_cm&quot;:0,&quot;depth_in&quot;:0,&quot;width_cm&quot;:64.1,&quot;width_in&quot;:25.25,&quot;height_cm&quot;:80.3,&quot;height_in&quot;:31.625,&quot;diameter_cm&quot;:0,&quot;diameter_in&quot;:0,&quot;clarification&quot;:&quot;Canvas&quot;},{&quot;depth_cm&quot;:0,&quot;depth_in&quot;:0,&quot;width_cm&quot;:65.4,&quot;width_in&quot;:25.75,&quot;height_cm&quot;:81.6,&quot;height_in&quot;:32.125,&quot;diameter_cm&quot;:0,&quot;diameter_in&quot;:0,&quot;clarification&quot;:&quot;Panel&quot;}],&quot;medium_display&quot;:&quot;Oil on canvas&quot;,&quot;inscriptions&quot;:&quot;Signed, u.r.: \&quot;Picasso\&quot;&quot;,&quot;credit_line&quot;:&quot;Gift of Florene May Schoenborn and Samuel A. Marx&quot;,&quot;catalogue_display&quot;:null,&quot;publication_history&quot;:&quot;Albert Sarraut, Variations sur la peinture contemporaine (Paris: Des Quatre Chemins, 1930), opp. p. 24 (ill.).\n\nWaldemar George, La grande peinture contemporaine \u00e0 la collection Paul Guillaume (Paris: \u00c9ditions des \u201cArts \u00e0 Paris\u201d, 1930) pp. 114 (ill.), 115, 189, as Buste de Jeune Fille.\n\nChristian Zervos, Pablo Picasso I (Paris: Cahiers d\u2019Art, 1932), p. 179, no. 374 (ill.), as Bust of a Woman,Valentine Gallery, Picasso: Retrospective Exhibition 1901\u20131934, exh. cat. (New York: Valentine Gallery, 1936), cat. 31.\n\nDetroit Institute of Arts, Walter P. Chrysler Collection, exh. cat. (Detroit: Detroit Institute of Arts, 1937), p. 5, cat. 18.\n\nM. H. de Young Memorial Museum, Seven Centuries of Painting, exh. cat. (San Francisco: M. H. de Young Memorial Museum, 1939), p. 54, cat. y-192.\n\nJean Cassou, Picasso, (Paris: Hyperion, 1940), p. 165, pl. 58.Arts Club of Chicago, Origins of Modern Art, exh. cat. (Chicago: Arts Club of Chicago, 1940), cat. 68. \n\nVirginia Museum of Fine Arts, Collection of Walter P. Chrysler, Jr., exh. cat. (Richmond, Va.: Museum of Fine Arts, 1941), pp. 86, cat. 156 (ill.).\n\nJoan Merli, Picasso (Buenos Aires: Editorial Poseidon, 1948), n.p., fig. 156, as Busto de Mujer.\n\nMus\u00e9e des Arts Decoratifs, Picasso: Peintures 1900\u20131955, exh. cat. (Paris: Mus\u00e9e des Arts Decoratifs, 1955), cat. 13 (ill.).\n\nFrank Elgar and Robert Maillard, Picasso, trans. by Francis Scarfe (New York: Frederick A. Praeger, 1956), n.p. (ill.), as Nude.\n\nThe Art Institute of Chicago, Paintings in The Art Institute of Chicago (Chicago: The Art Institute of Chicago, 1961), p. 358, as Figure.\n\nA. James Speyer, \u201cTwentieth\u2013Century European Paintings and Sculpture,\u201d Apollo 84 (September 1966), p. 223 (ill.), as Bust of a Woman.\n\nLucy Lippard, The School of Paris: Paintings from the Florence May Schoenborn and Samuel A. Marx Collection, exh. cat. (New York: Museum of Modern Art, 1965), p. 16 (ill.).\n\nPierre Daix and Georges Boudaille, Picasso 1900-1906: catalogue raisonn\u00e9 de l&apos;oeuvre peint (Neuch\u00e2tel: Editions Ides et Calendes, 1966), p. 326, no. XVI.24 (ill.), as Buste de Femme Nu.\n\nThe Art Institute of Chicago, Picasso in Chicago, exh. cat. (Chicago: The Art Institute of Chicago, 1968), p. 18, cat. 10 (ill.).\n\nSandra Grung, Supplement to Paintings in The Art Institute of Chicago (Chicago: The Art Institute of Chicago, 1971), p. 87, as Bust of a Woman.\n\nA. James Speyer and Courtney Graham Donnell, Twentieth Century European Painting (Chicago: University of Chicago Press, 1980), p. 62, no. 3C12.\n\nMary Matthews Gedo, \u201cArt as Exorcism: Picasso\u2019s \u2018Demoiselles d\u2019Avignon\u2019,\u201d Arts Magazine 55:2 (Oct. 1980) pp. 73 and 75, fig. 9, as Bust of a Woman.\n\nJosep Palau i Fabre, Picasso: Vivent (1881\u20131907) (Barcelona: Ediciones Poligrafa, 1980), pp. 481 and 553, fig. 1396, as Tors de Dona Nua.\n\nMarilyn McCully, Picasso: The Early Years, 1892\u20131909, exh. cat. (Washington DC: National Gallery of Art, 1997), pp. 346\u2013347, and 366, cat. 179 (ill.).\n\nEnrique Mallen, The On-Line Picasso Project (http:\/\/www.tamu.edu\/mocl\/picasso\/), no. 06:51 (ill.), as Buste de Femme.\n\nStephanie D&apos;Alessandro, Picasso and Chicago: 100 Years, 100 Works (Chicago: The Art Institute of Chicago, 2013), p. 42, pl. 14.&quot;,&quot;exhibition_history&quot;:&quot;Paris, Galerie Bernheim\u2013Jeune, Collection Paul Guillaume, May 25\u2013June 27, 1929. \n\nNew York, Valentine [Dudensing] Gallery, Picasso: Retrospective Exhibition 1901\u20131934, (alt. title Picasso 1901\u20131934), Oct. 26\u2013Nov. 21, 1936, cat. 31, as Buste de Femme, 1907\u20138. \n\nDetroit Institute of Arts, Walter P. Chrysler Collection, Oct. 1937, cat. 18, as Buste de femme\u2013jeune fille.\n\nSan Francisco, M. H. de Young Memorial Museum, Seven Centuries of Painting, Dec. 29, 1939\u2013Jan. 28, 1940, cat. y-192, as Portrait of a Woman.\n\nArts Club of Chicago, Origins of Modern Art, Apr. 2\u201330, 1940, cat. 68, as Portrait of a Woman.\n\nRichmond, Virginia Museum of Fine Arts, Collection of Walter P. Chrysler Jr., Jan. 16\u2013Mar. 4, 1941, cat. 156, as Buste de Femme; Philadelphia Museum of Art, March 29\u2013May 11, 1941.\n\nParis, Mus\u00e9e des Arts Decoratifs, Picasso: Peintures 1900\u20131955, June\u2013Oct. 1955, cat. 13, as Buste de femme nu. \n\nNew York, Museum of Modern Art, The School of Paris: Paintings from the Florence May Schoenborn and Samuel A. Marx Collection, Nov. 1, 1965\u2013Jan.2, 1966, no cat. no., as Bust of a Woman; Chicago, The Art Institute of Chicago, Feb. 11\u2013Mar. 27, 1966; St. Louis, City Art Museum of St. Louis, Apr. 27\u2013June 13, 1966; Mexico City, Museo de Arte Moderno, July 2\u2013Aug. 7, 1966; San Francisco, Museum of Art, Sept. 2\u2013Oct. 2, 1966.\n\nChicago, Art Institute of Chicago, Picasso in Chicago, Feb. 3\u2013Mar. 31, 1968, cat. 10, as Bust of Woman.\n\nChicago, Art Institute of Chicago, Frames: Selected European Frames from the Art Institute of Chicago, Oct. 17\u2013Dec. 14, 1986.\n\nWashington, National Gallery of Art, Picasso: The Early Years, 1892\u20131909, Mar. 30\u2013July 27, 1997, cat. 179, as Bust of a Woman; Boston, Museum of Fine Arts, Sept. 10, 1997\u2013Jan. 4, 1998.\n\nWashington, National Gallery of Art, Picasso: The Early Years, 1892\u20131909, Mar. 30\u2013July 27, 1997, cat. 152, as Girl with a Pitcher; traveled to Boston, Museum of Fine Arts, Sept. 10, 1997\u2013Jan. 4, 1998.\n\nBergen, Kunstmuseum, Picasso: Figure and Image, Feb. 1\u2013June 1, 2008, no cat. no.\n\nChicago, Art Institute of Chicago, Picasso and Chicago, Feb. 20\u2013May 12, 2013, cat. 29.&quot;,&quot;provenance_text&quot;:&quot;Paul Guillaume (1891\u20131934), Paris, by June 1929 [Sarraut 1930]. Valentine-Dudensing Gallery, New York, by 1936; sold to Walter P. Chrysler, Jr. (1909\u20131988), New York and Warrenton, Va., by Oct. 1937 [Detroit 1937; letter from William Mayglothling, Sept. 24, 1975; copy in curatorial file]; sold, Sotheby Parke\u2013Bernet, New York, Mar, 22, 1945, Chrysler sale, lot 97, to Jacques Helft, Paris and Buenos Aires [this and the following, according to letter from Jacques Helft, Oct. 29, 1975; copy in curatorial file]; on consignment to Allen Loeb, Paris, c. 1946\u20131955. Floren Schoenborn (1903\u20131995) and Samuel A. Marx (1885\u20131964), Chicago and New York, from 1955 [New York 1966]; given to the Art Institute, 1959.&quot;,&quot;edition&quot;:null,&quot;publishing_verification_level&quot;:&quot;Web Cataloged&quot;,&quot;internal_department_id&quot;:246,&quot;fiscal_year&quot;:1960,&quot;fiscal_year_deaccession&quot;:null,&quot;is_public_domain&quot;:false,&quot;is_zoomable&quot;:true,&quot;max_zoom_window_size&quot;:1280,&quot;copyright_notice&quot;:&quot;\u00a9 2018 Estate of Pablo Picasso \/ Artists Rights Society (ARS), New York&quot;,&quot;has_multimedia_resources&quot;:false,&quot;has_educational_resources&quot;:false,&quot;has_advanced_imaging&quot;:false,&quot;colorfulness&quot;:0,&quot;color&quot;:{&quot;h&quot;:339,&quot;l&quot;:20,&quot;s&quot;:3,&quot;percentage&quot;:0.027818393386007348,&quot;population&quot;:246},&quot;latitude&quot;:null,&quot;longitude&quot;:null,&quot;latlon&quot;:null,&quot;is_on_view&quot;:false,&quot;on_loan_display&quot;:&quot;&lt;p&gt;On loan to Museo Nacional Centro de Arte Reina Sof\u00eda in Madrid for &lt;i&gt;Picasso 1906: The Turning Point&lt;\/i&gt;&lt;\/p&gt;&quot;,&quot;gallery_title&quot;:null,&quot;gallery_id&quot;:null,&quot;nomisma_id&quot;:null,&quot;artwork_type_title&quot;:&quot;Painting&quot;,&quot;artwork_type_id&quot;:1,&quot;department_title&quot;:&quot;Modern Art&quot;,&quot;department_id&quot;:&quot;PC-11&quot;,&quot;artist_id&quot;:36198,&quot;artist_title&quot;:&quot;Pablo Picasso&quot;,&quot;alt_artist_ids&quot;:[],&quot;artist_ids&quot;:[36198],&quot;artist_titles&quot;:[&quot;Pablo Picasso&quot;],&quot;category_ids&quot;:[&quot;PC-11&quot;],&quot;category_titles&quot;:[&quot;Modern Art&quot;],&quot;term_titles&quot;:[&quot;painting&quot;,&quot;Rose Period&quot;,&quot;women&quot;,&quot;modern and contemporary art&quot;,&quot;nudes&quot;,&quot;females&quot;],&quot;style_id&quot;:&quot;TM-14407&quot;,&quot;style_title&quot;:&quot;Rose Period&quot;,&quot;alt_style_ids&quot;:[],&quot;style_ids&quot;:[&quot;TM-14407&quot;],&quot;style_titles&quot;:[&quot;Rose Period&quot;],&quot;classification_id&quot;:&quot;TM-9&quot;,&quot;classification_title&quot;:&quot;painting&quot;,&quot;alt_classification_ids&quot;:[&quot;TM-155&quot;],&quot;classification_ids&quot;:[&quot;TM-9&quot;,&quot;TM-155&quot;],&quot;classification_titles&quot;:[&quot;painting&quot;,&quot;modern and contemporary art&quot;],&quot;subject_id&quot;:&quot;TM-8735&quot;,&quot;alt_subject_ids&quot;:[&quot;TM-8649&quot;,&quot;TM-12199&quot;],&quot;subject_ids&quot;:[&quot;TM-8735&quot;,&quot;TM-8649&quot;,&quot;TM-12199&quot;],&quot;subject_titles&quot;:[&quot;women&quot;,&quot;nudes&quot;,&quot;females&quot;],&quot;material_id&quot;:null,&quot;alt_material_ids&quot;:[],&quot;material_ids&quot;:[],&quot;material_titles&quot;:[],&quot;technique_id&quot;:null,&quot;alt_technique_ids&quot;:[],&quot;technique_ids&quot;:[],&quot;technique_titles&quot;:[],&quot;theme_titles&quot;:[],&quot;image_id&quot;:&quot;77ecb291-d716-f898-b491-3192a96307c8&quot;,&quot;alt_image_ids&quot;:[],&quot;document_ids&quot;:[],&quot;sound_ids&quot;:[],&quot;video_ids&quot;:[],&quot;text_ids&quot;:[],&quot;section_ids&quot;:[],&quot;section_titles&quot;:[],&quot;site_ids&quot;:[],&quot;suggest_autocomplete_all&quot;:[{&quot;input&quot;:[&quot;1959.619&quot;],&quot;contexts&quot;:{&quot;groupings&quot;:[&quot;accession&quot;]}},{&quot;input&quot;:[&quot;Half-Length Female Nude&quot;],&quot;weight&quot;:5459,&quot;contexts&quot;:{&quot;groupings&quot;:[&quot;title&quot;]}}],&quot;source_updated_at&quot;:&quot;2023-11-20T00:30:10-06:00&quot;,&quot;updated_at&quot;:&quot;2023-11-20T00:31:42-06:00&quot;,&quot;timestamp&quot;:&quot;2023-11-20T05:28:35-06:00&quot;},{&quot;id&quot;:11723,&quot;api_model&quot;:&quot;artworks&quot;,&quot;api_link&quot;:&quot;https:\/\/api.artic.edu\/api\/v1\/artworks\/11723&quot;,&quot;is_boosted&quot;:true,&quot;title&quot;:&quot;Woman at Her Toilette&quot;,&quot;alt_titles&quot;:null,&quot;thumbnail&quot;:{&quot;lqip&quot;:&quot;data:image\/gif;base64,R0lGODlhBwAFAPUAAE9MQV1XRl5YRmNdT2JgVGplV3RtW3JsX35wXW9rYHl3cX17eYJ4a4+Hd4GBfoaDf4iEfY6JgYmKhZuXjZWSkJaSkJydlpqZmZqamp+dmpqbnamelqCemqShk6Cgm6ujnK6nn7m0rbSzsgAAAAAAAAAAAAAAAAAAAAAAAAAAAAAAAAAAAAAAAAAAAAAAAAAAAAAAAAAAAAAAAAAAAAAAAAAAAAAAAAAAAAAAAAAAAAAAAAAAAAAAAAAAAAAAAAAAACH5BAAAAAAALAAAAAAHAAUAAAYhwABDYnBYOgTFAvHAcA6JyIZyyQwAFZHGMykIPiEQpBEEADs=&quot;,&quot;width&quot;:4946,&quot;height&quot;:3703,&quot;alt_text&quot;:&quot;Painted portrait dominated by loose, large brushstrokes of a woman, seen from the back, wearing a gauzy white off-the-shoulder dress and black choker, blond hair swept up, examining herself in a mirror at left. The background is a feathered swirl suggesting floral pattern in cool pale tones of gray, purple, pink, and blue.&quot;},&quot;main_reference_number&quot;:&quot;1924.127&quot;,&quot;has_not_been_viewed_much&quot;:false,&quot;boost_rank&quot;:null,&quot;date_start&quot;:1870,&quot;date_end&quot;:1880,&quot;date_display&quot;:&quot;1875\/80&quot;,&quot;date_qualifier_title&quot;:&quot;&quot;,&quot;date_qualifier_id&quot;:null,&quot;artist_display&quot;:&quot;Berthe Morisot\nFrench, 1841-1895&quot;,&quot;place_of_origin&quot;:&quot;France&quot;,&quot;description&quot;:&quot;&lt;p&gt;Consistent with the Impressionist aesthetic that Berthe Morisot fervently espoused, &lt;em&gt;Woman at Her Toilette&lt;\/em&gt; attempts to capture the essence of modern life in summary, understated terms. The painting also moves discreetly into the realm of female eroticism explored by Edgar Degas, \u00c9douard Manet, and Pierre-Auguste Renoir but seldom broached at this time by women artists. Rendered with soft, feathery brushstrokes in nuanced shades of lavender, pink, blue, white, and gray, the composition resembles a visual tone poem, orchestrated with such perfumed and rarified motifs as brushed blonde hair, satins, powder puffs, and \ufb02ower petals. The artist even signed her name along the bottom of the mirror, as if to suggest that the image in her painting is as ephemeral as a silvery re\ufb02ection. Morisot exhibited in seven of the eight Impressionist group shows; this painting was included in the fifth exhibition, in 1880, where her work received great acclaim. She was a particularly close friend of and frequent model for Manet, and she married his younger brother Eug\u00e8ne the year before she completed this painting. In addition to domestic interiors such as this one, Morisot\u2019s pictorial realm included studies of women and children, gardens, fields, and seaside vacation homes.&lt;\/p&gt;\n&quot;,&quot;dimensions&quot;:&quot;60.3 \u00d7 80.4 cm (23 3\/4 \u00d7 31 5\/8 in.)&quot;,&quot;dimensions_detail&quot;:[{&quot;depth_cm&quot;:0,&quot;depth_in&quot;:0,&quot;width_cm&quot;:80.4,&quot;width_in&quot;:31.625,&quot;height_cm&quot;:60.3,&quot;height_in&quot;:23.75,&quot;diameter_cm&quot;:0,&quot;diameter_in&quot;:0,&quot;clarification&quot;:null}],&quot;medium_display&quot;:&quot;Oil on canvas&quot;,&quot;inscriptions&quot;:&quot;Inscribed lower left: Berthe Morisot&quot;,&quot;credit_line&quot;:&quot;Stickney Fund&quot;,&quot;catalogue_display&quot;:null,&quot;publication_history&quot;:&quot;W. Dewhurst, \u201cImpressionist Painting: Its Genesis and Development,\u201d International Studio 19 (May, 1903), pp. 165, 168 (ill.).\n\nRoger Marx, \u201cLes Femmes Peintres et l\u2019impressionisme, Berthe Morisot,\u201d Gazette des Beaux-Arts, per. 3, vol. 38 (December 1907), pp. 497 (ill.), 498.\n\nThe Art Institute of Chicago Annual Report 1924 (Chicago, 1924), ill.\n\nR.M.F., \u201c A Painting by Berthe Morisot,\u201d The Art Institute of Chicago Bulletin 18 (1924), pp. 50, 51, (ill.)\n\nThe Art Institute of Chicago, A Guide to the Paintings in the Permanent Collection, (Chicago, 1925), p. 65 (ill.).\n\nMonique Angoulvent, Berthe Morisot (Paris, 1931), pp. 55, 121, no. 83.\n\nThe Art Institute of Chicago, Handbook (Chicago, 1932), pp. 62, ill. 164.\n\nD.C. Rich, \u201cFranz\u00f6sische Impressionisten im Art Institute zu Chicago,\u201d Pantheon 11 (March 1933), pp. 77 (ill.),78.\n\nLionello Venturi, Les Archives de l\u2019impressionisme vol. 2 (Paris, 1939), p. 257.\n\nHans Huth, \u201cImpressionism Comes to America,\u201d Gazette des Beaux-Arts, s\u00e9r. 6, vol. 29 (April, 1946), pp. 225-252, fig. 17.\n\nThe Art Institute of Chicago, A Brief Guide to the Collections (Chicago, 1956), p. 34.  \n\nThe Art Institute of Chicago, Paintings in the Art Institute, A Catalogue of the Picture Collection (Chicago, 1961), pp. 340, ill. p. 288.\n\nM.-L. Bataille and Georges Wildenstein, Berthe Morisot: Catalogue des peintures, pastels, aquarelles (Paris, 1961), no. 84, pl. 37.\n\nJean Dominique Rey, Berthe Morisot (New York, 1982), pp. 29, 35 (ill.), 37, 51.\n\nRichard R. Brettell, French Impressionists (Chicago, 1987), pp. 24 (det. ill.), 25, 27 (ill.), 118.\n\nAnne Higonnet, Berthe Moristot\u2019s Images of Women (Cambridge, 1992), pp. 106, 155, pl. 7.\n\nAlain Clairet et al., Berthe Morisot 1841-1895: Catalogue raisonn\u00e9 de l\u2019oeuvre peint (Montolivet, 1997), no. 85 (ill.).\n\nWendy Slatkin, Women Artists in History: From Antiquity to the Present (Upper Saddle River, 1997), pp. 137-139 (ill.).\n\nRichard R. Brettell et al., Impression: Painting Quickly in France, 1860-1890, exh. cat.  (London, The National Gallery and Williamston, Mass., Sterling and Francine Clark Art Institute, 2001), p. 91 (ill.).\n\nRichard R. Brettell and Anne-Brigitte Fonsmark, Gauguin and Impressionism, exh. cat. (Copenhagen, Ordrugpgaard, 2005\/Forth Worth, Kimbell Art Museum, 2005-6), p. 85, fig. 62.\n\nThe Age of Impressionism at the Art Institute of Chicago (New Haven and London, 2008), cat. 19, pp. 58\u201359 (ill.).\n\nSylvie Patry, ed., Inventing Impressionism: Paul Durand-Ruel and the Modern Market (London: National Gallery Company, 2015), 134-35 (detail ill.), 145 fig. 95, 260 cat. 60.\n\nKang, Cindy, et. al., Berthe Morisot: Woman Impressionist, exh. cat. (Rizzoli Electa, 2018), 76, 78, 91, 93, 110, cat. 30.\n\nJason Farago, \&quot;Images for a Hazy New Age: Mapping a Transformation in the Depiction of Women,\&quot; New York Times, Nov. 23, 2018, c20 ill.\n\nSylvie Patry in Berthe Morisot, exh. cat. (Paris: Flammarion, 2019), 81, 86-87 cat. 37.\n\nNicole R. Myers, \&quot;Morisot et la ffemme moderne,\&quot; in Berth Morisot, exh. cat. (Paris: Flammarion, 2019), 180.\n\nMarianne Mathieu, ed., Berthe Morisot: Shaping Impressionism, exh. cat. (London: Dulwich Picture Gallery, 2023), 1 (detail), 20, 33, 56, 65, 102-03 cat. 7.&quot;,&quot;exhibition_history&quot;:&quot;Possibly Paris, 2\u00e9me Exposition de Peinture (1), Apr. 1876. [see D. Rouart, Correspondence de Berthe Morisot (Paris, 1950), pp. 98, 257]\n\nParis, 5me Expostition de Peinture, 1880, cat. 115.\n\nParis, Durand-Ruel, Berthe Morisot, Exposition de son oeuvre, Mar. 1896, cat. 68.\n\nLondon, Durand-Ruel at the Grafton Galleries, A Selection From the Pictures by Boudin, C\u00e9zanne, Degas, Manet, Monet, Morisot, Pissarro, Renoir, Sisley, cat. 162 (ill.).\n\nPittsburgh, Penn., Carnegie Institute, Exhibition of Paintings \u00c9douard Manet, Pierre Renoir, Berthe Morisot, Oct.-Dec. 1924, cat. 29 (ill.).\n\nThe Arts Club of Chicago, Exhibitions of Paintings of Three Woman Painters, Nov. 1931, not listed in cat.\n\nThe Art Institute of Chicago, A Century of Progress: Exhibition of Paintings and Sculpture, June 1-Nov. 1, 1933, cat. 334 (ill.).\n\nThe Art Institute of Chicago, A Century of Progress: Exhibition of Paintings and Sculpture, June 1-Nov. 1, 1934, cat. 257.\n\nThe Toledo Museum of Art, French Impressionists and Post-Impressionists, Nov. 1934, cat. 11.\n\nNew York, The Metropolitan Museum of Art, French Painting from David to Toulouse-Lautrec, Feb.-Mar. 1941, cat. 95 (ill.).\n\nThe Arts Club of Chicago, Berthe Morisot, Mar.-Apr. 1943, cat. 1.\n\nNew York, Wildenstien and Co., Berthe Morisot, Nov.-Dec. 10, 1960, cat. 12 (ill.).\n\nNew York, Wildenstein and Co., Paris\u2013New York: A Continuing Romance, Nov. 3-Dec. 19, 1977, cat. 76 (ill.).\n\nSouthampton, New York, The Parrish Art Museum, William Merritt Chase in the Company of Friends, May 12- July 29, 1979, cat. 79 (ill.). \n\nSt. Petersburg, Florida, Museum of Fine Arts, Paris in the Belle Epoque: People and Places, Mar. 1-Apr. 6, 1980, cat. 56 (ill.).\n\nAlbi, Mus\u00e9e Toulouse- Lautrec, Tr\u00e9sors impressionnistes du Mus\u00e9e de Chicago, June 27-Aug. 31, 1980, cat. 23 (ill.).\n\nTokyo, The Seibu Museum of Art, The Impressionist Tradition: Masterpieces from the Art Institute of Chicago, Oct. 18-Dec. 17, 1985, cat. 21 (ill.); Fukuoka Art Museum, Jan. 5-Feb. 2, 1986 and Kyoto Municipal Museum of Art, Mar. 4-Apr. 13, 1986.\n\nWashington, D.C., National Gallery of Art, The New Painting: Impressionism 1874-1886, Jan. 17- Apr. 6, 1986, cat. 96 (ill.); Fine Art Museum of San Francisco, M.H. de Young Memorial Museum, Apr. 19- July 6, 1986.\n\nWashington, D.C., National Gallery of Art, Berthe Morisot: Impressionist, Sep. 6-Nov. 29, 1987, cat. 35; Fort Worth, Kimbell Art Museum, Dec. 12, 1987-Feb. 21, 1988; Mount Holyoke College Art Museum, Mar. 14-May 9, 1988, shown in Washington and Forth Worth only.\n\nLeningrad [St. Petersburg], Hermitage Museum, Ot Delakrua do Matissa: shedevry frantsuzsko\u012d zhivopici XIX-nachala XX veka, iz Muieia Metropoliten v Niu-\u012corke i Khudozhestvennogo Instituta v Chikago [From Delacroix to Matisse: Great Paintings From the XIX century to the Beginning of the XXth century From Metropolitan Museum of Art in New York and the Art Institute of Chicago], Mar. 15-May 19, 1988, cat. 18; Moscow, Pushkin Museum, June 10-July 30, 1988.\n\nLille, Palais de Beaux-Arts de Lille, Berthe Morisot 1841-1895, Mar. 10-June 9, 2002, cat .49 (ill.); Martigny, Fondation Pierre Gianadda, June 20-Nov. 19, 2002.\n\nCopenhagen, Ny Carlsberg Glyptotek, Woman in Impressionism: From Mythical Feminine to Modern Woman, Oct. 6, 2006-Jan. 21, 2007, cat. 71 (ill.).\n\nFort Worth, Tex., Kimbell Museum of Art, The Impressionists: Master Paintings from the Art Institute of Chicago, June 29\u2013Nov. 2, 2008, cat. 19 (ill.).\n\nParis, Mus\u00e9e Luxembourg, Inventing Impressionism: Paul Durand-Ruel and the Modern Market, Oct. 9, 2014-Feb. 8, 2015, cat. 60; London, National Gallery, Mar. 4-May 31, 2015; Philadelphia Museum of Art, Inventing Impressionism, June 18-Sep. 13, 2015.\n\nWilliamstown, MA, Clark Art Institute, Women Artists in Paris, June 8 - Sep. 3, 2018\n\nPhiladelphia, Barnes Foundation, Berthe Morisot, Woman Impressionist, Oct. 20, 2018 - Jan. 14, 2019, cat. 30; Dallas Museum of Art, Feb. 24 - May 26, 2019; Paris, Mus\u00e9e d&apos;Orsay, June 17 -  Sep. 22, 2019, cat. 30.\n\nParis, Mus\u00e9e d&apos;Orsay, Berthe Morisot, June 18-Sep. 22, 2019, cat. 37.\n\nLondon, Dulwich Picture Gallery, Berthe Morisot: Shaping Impressionism, Apr. 5 - Sep. 10, 2023, cat. 7; Paris, Mus\u00e9e Marmottan Monet, Oct. 18, 2023 - Mar. 10, 2024.&quot;,&quot;provenance_text&quot;:&quot;William Merritt Chase, New York; his sale, New York, American Art Galleries, 1896, lot 1093 [according to Clairet 1997].  Mary Cassatt, 1896 [see Paris 1896].  Durand-Ruel, Paris, 1905 [see London 1905].  Wildenstein &amp; Co., New York [according to Chicago 1933]. Paul Rosenberg, New York by 1924; sold to the Art Institute, 1924.&quot;,&quot;edition&quot;:null,&quot;publishing_verification_level&quot;:&quot;Web Cataloged&quot;,&quot;internal_department_id&quot;:14,&quot;fiscal_year&quot;:1924,&quot;fiscal_year_deaccession&quot;:null,&quot;is_public_domain&quot;:true,&quot;is_zoomable&quot;:true,&quot;max_zoom_window_size&quot;:-1,&quot;copyright_notice&quot;:null,&quot;has_multimedia_resources&quot;:true,&quot;has_educational_resources&quot;:false,&quot;has_advanced_imaging&quot;:false,&quot;colorfulness&quot;:16.6011,&quot;color&quot;:{&quot;h&quot;:207,&quot;l&quot;:57,&quot;s&quot;:51,&quot;percentage&quot;:0.0011279616041869934,&quot;population&quot;:6},&quot;latitude&quot;:41.8795584763067,&quot;longitude&quot;:-87.6232921901436,&quot;latlon&quot;:&quot;41.879558476307,41.879558476307&quot;,&quot;is_on_view&quot;:false,&quot;on_loan_display&quot;:&quot;&lt;p&gt;On loan to Mus\u00e9e Marmottan Monet in Paris for &lt;i&gt;Berthe Morisot: Impressionism and the Eighteenth Century&lt;\/i&gt;&lt;\/p&gt;&quot;,&quot;gallery_title&quot;:null,&quot;gallery_id&quot;:null,&quot;nomisma_id&quot;:null,&quot;artwork_type_title&quot;:&quot;Painting&quot;,&quot;artwork_type_id&quot;:1,&quot;department_title&quot;:&quot;Painting and Sculpture of Europe&quot;,&quot;department_id&quot;:&quot;PC-10&quot;,&quot;artist_id&quot;:35834,&quot;artist_title&quot;:&quot;Berthe Morisot&quot;,&quot;alt_artist_ids&quot;:[],&quot;artist_ids&quot;:[35834],&quot;artist_titles&quot;:[&quot;Berthe Morisot&quot;],&quot;category_ids&quot;:[&quot;PC-10&quot;,&quot;PC-831&quot;,&quot;PC-825&quot;],&quot;category_titles&quot;:[&quot;Painting and Sculpture of Europe&quot;,&quot;Essentials&quot;,&quot;Women artists&quot;],&quot;term_titles&quot;:[&quot;painting&quot;,&quot;oil painting&quot;,&quot;women&quot;,&quot;oil paint (paint)&quot;,&quot;Impressionism&quot;,&quot;painting (image making)&quot;,&quot;canvas&quot;,&quot;european painting&quot;,&quot;leisure&quot;,&quot;toilettes&quot;,&quot;mirrors&quot;,&quot;Century of Progress&quot;,&quot;world&apos;s fairs&quot;,&quot;Chicago World&apos;s Fairs&quot;],&quot;style_id&quot;:&quot;TM-7543&quot;,&quot;style_title&quot;:&quot;Impressionism&quot;,&quot;alt_style_ids&quot;:[],&quot;style_ids&quot;:[&quot;TM-7543&quot;],&quot;style_titles&quot;:[&quot;Impressionism&quot;],&quot;classification_id&quot;:&quot;TM-9&quot;,&quot;classification_title&quot;:&quot;painting&quot;,&quot;alt_classification_ids&quot;:[&quot;TM-54&quot;],&quot;classification_ids&quot;:[&quot;TM-9&quot;,&quot;TM-54&quot;],&quot;classification_titles&quot;:[&quot;painting&quot;,&quot;european painting&quot;],&quot;subject_id&quot;:&quot;TM-8735&quot;,&quot;alt_subject_ids&quot;:[&quot;TM-10094&quot;,&quot;TM-12297&quot;,&quot;TM-12258&quot;,&quot;TM-12169&quot;,&quot;TM-11299&quot;,&quot;TM-12176&quot;],&quot;subject_ids&quot;:[&quot;TM-8735&quot;,&quot;TM-10094&quot;,&quot;TM-12297&quot;,&quot;TM-12258&quot;,&quot;TM-12169&quot;,&quot;TM-11299&quot;,&quot;TM-12176&quot;],&quot;subject_titles&quot;:[&quot;women&quot;,&quot;leisure&quot;,&quot;toilettes&quot;,&quot;mirrors&quot;,&quot;Century of Progress&quot;,&quot;world&apos;s fairs&quot;,&quot;Chicago World&apos;s Fairs&quot;],&quot;material_id&quot;:&quot;TM-2451&quot;,&quot;alt_material_ids&quot;:[&quot;TM-3124&quot;],&quot;material_ids&quot;:[&quot;TM-2451&quot;,&quot;TM-3124&quot;],&quot;material_titles&quot;:[&quot;oil paint (paint)&quot;,&quot;canvas&quot;],&quot;technique_id&quot;:&quot;TM-4273&quot;,&quot;alt_technique_ids&quot;:[&quot;TM-3891&quot;],&quot;technique_ids&quot;:[&quot;TM-4273&quot;,&quot;TM-3891&quot;],&quot;technique_titles&quot;:[&quot;oil painting&quot;,&quot;painting (image making)&quot;],&quot;theme_titles&quot;:[&quot;Essentials&quot;,&quot;Women artists&quot;],&quot;image_id&quot;:&quot;78c80988-6524-cec7-c661-a4c0a706d06f&quot;,&quot;alt_image_ids&quot;:[],&quot;document_ids&quot;:[&quot;2086435f-6c83-5e54-2fea-3b9f011f9c3f&quot;],&quot;sound_ids&quot;:[&quot;2086435f-6c83-5e54-2fea-3b9f011f9c3f&quot;],&quot;video_ids&quot;:[],&quot;text_ids&quot;:[],&quot;section_ids&quot;:[],&quot;section_titles&quot;:[],&quot;site_ids&quot;:[],&quot;suggest_autocomplete_boosted&quot;:&quot;Woman at Her Toilette&quot;,&quot;suggest_autocomplete_all&quot;:[{&quot;input&quot;:[&quot;1924.127&quot;],&quot;contexts&quot;:{&quot;groupings&quot;:[&quot;accession&quot;]}},{&quot;input&quot;:[&quot;Woman at Her Toilette&quot;],&quot;weight&quot;:66851,&quot;contexts&quot;:{&quot;groupings&quot;:[&quot;title&quot;]}}],&quot;source_updated_at&quot;:&quot;2023-11-20T00:30:10-06:00&quot;,&quot;updated_at&quot;:&quot;2023-11-20T00:31:41-06:00&quot;,&quot;timestamp&quot;:&quot;2023-11-20T05:28:36-06:00&quot;},{&quot;id&quot;:14572,&quot;api_model&quot;:&quot;artworks&quot;,&quot;api_link&quot;:&quot;https:\/\/api.artic.edu\/api\/v1\/artworks\/14572&quot;,&quot;is_boosted&quot;:true,&quot;title&quot;:&quot;The Millinery Shop&quot;,&quot;alt_titles&quot;:null,&quot;thumbnail&quot;:{&quot;lqip&quot;:&quot;data:image\/gif;base64,R0lGODlhBgAFAPQAAEMtIk40KE83KlhHLVxELlNPN1hLMVJOP19UN1dYM1lUOVpUP2dAIWlKKHZKKXZLKWRNPGpbMGpaNGtaOkxUTF9dRlJaS15YSV5kUnZpRH12W4ZkM49uRI52VQAAAAAAACH5BAAAAAAALAAAAAAGAAUAAAUY4AUtFWZxHZIdExFEybAJQGE00sNQmqOEADs=&quot;,&quot;width&quot;:5003,&quot;height&quot;:4543,&quot;alt_text&quot;:&quot;Impressionist painting of woman wearing green dress trying on hats.&quot;},&quot;main_reference_number&quot;:&quot;1933.428&quot;,&quot;has_not_been_viewed_much&quot;:false,&quot;boost_rank&quot;:null,&quot;date_start&quot;:1874,&quot;date_end&quot;:1886,&quot;date_display&quot;:&quot;c. 1879-86&quot;,&quot;date_qualifier_title&quot;:&quot;&quot;,&quot;date_qualifier_id&quot;:null,&quot;artist_display&quot;:&quot;Edgar Degas\nFrench, 1834-1917&quot;,&quot;place_of_origin&quot;:&quot;France&quot;,&quot;description&quot;:&quot;&lt;p&gt;Of at least fifteen pastels, drawings, and paintings that Edgar Degas created on this subject during the 1880s, &lt;em&gt;The Millinery Shop&lt;\/em&gt; is the largest and perhaps the most ambitious. As a result of its unusual cropping and tilted perspective, it seems to capture an unedited glimpse of the interior of a small nineteenth-century millinery shop. The identity of the young woman in the painting remains unclear: she may be a shop girl or a customer. In an early version of the composition, the woman is clearly intended to be a customer; she wears a fashionable dress, though her hat\u2014a prerequisite token of bourgeois culture\u2014is absent. In the final painting, however, the woman appears with her mouth pursed, as if around a pin, and her hands gloved, possibly to protect the delicate fabric of the hat she holds. Degas seems to have deliberately left her role as a creator or consumer ambiguous. She is totally absorbed in her activity and, like most of the women in Degas\u2019s paintings, seems unaware of being watched. The bonnets that are displayed on the table next to her like a still life present an analogy to the artist\u2019s creative process: where they are unfinished, so too is the painting.&lt;\/p&gt;\n&quot;,&quot;dimensions&quot;:&quot;100 \u00d7 110.7 cm (39 3\/8 \u00d7 43 9\/16 in.)&quot;,&quot;dimensions_detail&quot;:[{&quot;depth_cm&quot;:0,&quot;depth_in&quot;:0,&quot;width_cm&quot;:110.7,&quot;width_in&quot;:43.5625,&quot;height_cm&quot;:100,&quot;height_in&quot;:39.375,&quot;diameter_cm&quot;:0,&quot;diameter_in&quot;:0,&quot;clarification&quot;:null}],&quot;medium_display&quot;:&quot;Oil on canvas&quot;,&quot;inscriptions&quot;:null,&quot;credit_line&quot;:&quot;Mr. and Mrs. Lewis Larned Coburn Memorial Collection&quot;,&quot;catalogue_display&quot;:null,&quot;publication_history&quot;:&quot;Daniel Catton Rich, \u201cBequest of Mrs. L. L. Coburn,\u201d The Art Institute of Chicago Bulletin 26, 5 (1932), p. 69 (ill.).\n\nThe Fine Arts 19 (June 1932), p. 23 (ill.).\n\nEleanor Jewett, \u201cNoted Private Art Collection on Exhibition: Antiquarians Sponsor Institute Show,\u201d Chicago Tribune (April 6, 1932).\n\nSmith College Museum of Art Bulletin 15 (June 1934), p. 15 (ill.).\n\nAgnes Mongan, \u201cDegas As Seen in American Collections,\u201d Burlington Magazine 72 (1938), pp. 297 (ill.), 302.\n\nGeorge Slocombe, \u201cArtist as Misanthrope,\u201d Coronet 3, 6 (April 1938), p. 22 (ill.).\n\nR. Shoolman and C. E. Slatkin, The Enjoyment of Art in America (Philadelphia, 1942), pl. 543.\n\nAn Illustrated Guide to the Collections of The Art Institute of Chicago (Chicago, 1945), pp. 36 (ill.), 37.\n\nHans Huth, \u201cImpressionism Comes to America,\u201d Gazette des Beaux-Arts ser. 6, vol. 29 (1946), pp. 234, fig. 8.\n\nPaul Andre Lemoisne, Degas et son oeuvre vol. 3 (Paris, 1946), cat. 832 (ill.).\n\nF. Fels, L\u2019Art Vivant de 1900 a Nos Jours (Geneva, 1950), p. 98 (ill.).\n\nDaniel Catton Rich, \u201cMidwest Art Capital,\u201d Town and Country (March 1951), p. 75 (ill.).\n\nThe Art Institute of Chicago, A Brief Guide to the Collections (Chicago, 1956), pp. 34 (ill.), 35.\n\nPierre Cabanne, Degas (Paris, 1958), p. 111 (ill.).\n\nThe Art Institute of Chicago, Paintings in the Art Institute of Chicago: Catalogue of the Picture Collection (Chicago, 1961), pp. 121, 336 (ill.).\n\nFrederick A. Sweet, \u201cGreat Chicago Collectors,\u201d Apollo 84 (September 1966), p. 203, fig. 33.\n\nWilliam Gaunt, Impressionism: A Visual History (New York, 1970), pp. 244, 245, pl. 95.\n\nJohn Maxon, The Art Institute of Chicago (New York, 1970), pp. 89 (ill.), 90, 280.\n\nFranco Russoli and Fiorella Minervino, L\u2019opera completa di Degas (Milan, 1970), no. 635 (ill.).\n\nCaron LeBrun Danikian, \u201cDegas Story Told in MFA Exhibition,\u201d The Christian Science Monitor (July 2, 1974), p. 4C, ill.\n\nHilton Kramer, \u201cEdgar Degas, the Reluctant Modernist, at a New Exhibition in Lonodn,\u201d The New York Times (July 7, 1974), p. 19 (ill.).\n\nThe Art Institute of Chicago, 100 Masterpieces (Chicago, 1978), no. 63 (ill.).\n\nDiane Kelder, The Great Book of French Impressionism (New York, 1980), p. 312 (ill.).\n\nManet, 1832-1883 exh. cat. (Paris, Galeries nationales du Grand Palais\/New York, Metropolitan Museum of Art, 1983), under cat. 213, fig. a.\n\nRichard Brettell, French Impressionists (Chicago, 1987), p. 63 (ill.).\n\nEunice Lipton, Looking Into Degas Uneasy Images of Women and Modern Life (Berkeley, 1987), pp. 153-4 (ill.).\n\nHorst Keller, Edgar Degas (Munich, 1988), pp. 81, 90 (ill.).\n\nAnne Roquebert, Degas (Paris, 1988), p. 176, no 42 (ill.).\n\nJames N. Wood and Katharine C. Lee, Master Paintings in The Art Institute of Chicago (Chicago, 1988), p. 60 (ill.).\n\nEdward Lucie-Smith, Impressionist Women (London, 1989), pp. 98, 100, 101, pl. 88.\n\nHoward Hodgkin, \u201cA Great Artist\u2019s Advice: Do Not Miss This Degas,\u201d The Independent (May 22, 1996), p. 10.\n\nChristopher Riopelle, \&quot;Edgar Degas: Illustrious and Unknown,\&quot; in Art in the Making: Degas, exh. cat. (London, National Gallery, 2004), pp. 15, 16 (ill.).\n\nThe Age of Impressionism at the Art Institute of Chicago (New Haven and London, 2008), cat. 41, pp. 92-93 (ill.).\n\nSimon Kelly and Esther Bell, Degas, Impressionism, and the Paris Millinery Trade, exh. cat. (Fine Arts Museums of San Francisco\/ Legion of Honor\/ Delmonico Books\/ Prestel, 2017), book cover, pp. 104-105, cat. 1 (ill).\n\nStephan Wolohojian and Ashley E. Dunn, Manet\/Degas, exh. cat. (New York: The Metropolitan Museum of Art, 2023), 232 pl. 125, 294.&quot;,&quot;exhibition_history&quot;:&quot;The Art Institute of Chicago, Mrs. L.L. Coburn Collection: Modern Paintings and Water Colors, April 6, 1932-October 9, 1932, cat. 9 (ill.).\n\nThe Art Institute of Chicago, A Century of Progress Exhibition of Paintings and Sculpture, June 1-November 1, 1933, cat. 286, pl. 53.\n\nNorthampton, Mass., Smith College Museum of Art, Edgar Degas, November 28-Deceber 18, 1933, cat. 8 (ill.).\n\nThe Art Institute of Chicago, A Century of Progress Exhibition of Paintings and Sculpture, June 1-November 1, 1934, cat. 202.\n\nToledo, Ohio, Museum of Art, French Impressionists and Post-Impressionists, November 1934, cat. 1.\n\nSpringfield, Mass., Museum of Art, French Painting, C\u00e9zanne to the Present, December 1935-January 1936, cat. 1.\n\nPhiladelphia Museum of Art, Degas, November-December 1936, cat. 40 (ill.).\n\nWorcester, Mass., Worcester Art Museum, The Art of The Third Republic, February-March 1941, cat. 4 (ill. on cover).\n\nCleveland Museum of Art, The Works of Edgar Degas, February 5-March 9, 1947, cat. 38 (ill.).\n\nPhiladelphia Museum of Art, Diamond Jubilee Exhibition: Masterpieces of Painting, November 4, 1950-February 11, 1951, cat. 74 (ill.).\n\nBoston Museum of Fine Arts, Edgar Degas: The Reluctant Impressionist, June 21-September 1, 1974, cat. 20 (ill.).\n\nRichmond, Va., The Virginia Museum, Degas, May 23-July 9, 1978, cat. 14 (ill.).\n\nAlbi, Mus\u00e9e Toulouse-Lautrec, Tr\u00e9sors impressionistes du Mus\u00e9e de Chicago, June 27-August 31, 1980, cat. 8 (ill.).\n\nThe Art Institute of Chicago, Degas in The Art Institute of Chicago, July 19-September 23, 1984, cat. 63 (ill.).\n\nParis, Galeries nationales du Grand Palais, Degas, February 9-May 16, 1988, cat. 235 (ill.); Ottawa, National Gallery of Canada, June 16-August 28, 1988; New York, The Metropolitan Museum of Art, September 27, 1988-January 8, 1989.\n\nLondon, National Gallery, Degas: Beyond Impressionism, May 22-August 26, 1995, cat. 4 (ill.)., traveled to The Art Institute of Chicago, September 28, 1996-January 5, 1997.\n\nKansas City, The Nelson-Atkins Museum of Art, Invited Work: Edgar Degas, The Millinery Shop, July 22- November 26,  1995, no cat.\n\nLondon, The National Gallery and The Art Institute of Chicago, Degas: Beyond Impressionism, 1996-1997, cat. 4. \n\nNew York, Metropolitan Museum of Art, The Private Collection of Edgar Degas, October 1, 1997-January 11, 1998, no cat. no (fig. 96). \n\nAtlanta, High Museum of Art, Degas and America: The Early Collectors, cat. 54 (ill.), traveled to The Minneapolis Institute of Arts, June 16-September 9, 2001, shown in Minneapolis only.\n\nWashington, DC, The Phillips Collection, Impressionist and Post-Impressionist Still-Life Painting, September 22, 2001-January 13, 2002, no cat. no (pl. 60), traveled to Boston, Museum of Fine Arts, February 17-June 9, 2002.\n\nFort Worth, Tex., Kimbell Museum of Art, The Impressionists: Master Paintings from the Art Institute of Chicago, June 29\u2013November 2, 2008, cat. 41 (ill.).\n\nSt. Louis, Missouri, Saint Louis Art Museum, Degas, Impressionism, and the Paris Millinery Trade, February 12 - May 7, 2017, cat. 1; San Francisco, Legion of Honor, June 24 - September 25, 2017.\n\nParis, Mus\u00e9e d\u2019Orsay, Manet\/Degas, Mar. 27-July 23, 2023, pl. 125; New York, Metropolitan Museum of Art, Sep. 12, 2023-Jan. 7, 2024.&quot;,&quot;provenance_text&quot;:&quot;Sold by the artist to Paul Durand-Ruel, Paris on February 22, 1913 for 50,000 francs [see Durand-Ruel stock no. 10253; this and the following information according to Paris 1988]; sent to Durand-Ruel Gallery in New York, 1917; sold to Mrs. Lewis Larned (Annie Swan) Coburn (died 1932), Chicago on January 19, 1932 for $36,000 or $35,000 [see Durand-Ruel stock no. 4114; the date 1932 given in the Durand-Ruel stockbook contradicts a loan receipt, dated January 23, 1930, for a \u201cMillinery Shop, 1882\u201d from Mrs. L.L. Coburn to the Art Institute of Chicago, copy in curatorial file]; bequeathed to the Art Institute of Chicago, 1933.&quot;,&quot;edition&quot;:null,&quot;publishing_verification_level&quot;:&quot;Web Cataloged&quot;,&quot;internal_department_id&quot;:14,&quot;fiscal_year&quot;:1940,&quot;fiscal_year_deaccession&quot;:null,&quot;is_public_domain&quot;:true,&quot;is_zoomable&quot;:true,&quot;max_zoom_window_size&quot;:-1,&quot;copyright_notice&quot;:null,&quot;has_multimedia_resources&quot;:true,&quot;has_educational_resources&quot;:false,&quot;has_advanced_imaging&quot;:false,&quot;colorfulness&quot;:38.9301,&quot;color&quot;:{&quot;h&quot;:38,&quot;l&quot;:46,&quot;s&quot;:54,&quot;percentage&quot;:0.003876600066677521,&quot;population&quot;:25},&quot;latitude&quot;:41.8796923332086,&quot;longitude&quot;:-87.6233546063303,&quot;latlon&quot;:&quot;41.879692333209,41.879692333209&quot;,&quot;is_on_view&quot;:false,&quot;on_loan_display&quot;:&quot;&lt;p&gt;On loan to Metropolitan Museum of Art in New York City for &lt;i&gt;Manet Degas&lt;\/i&gt;&lt;\/p&gt;&quot;,&quot;gallery_title&quot;:null,&quot;gallery_id&quot;:null,&quot;nomisma_id&quot;:null,&quot;artwork_type_title&quot;:&quot;Painting&quot;,&quot;artwork_type_id&quot;:1,&quot;department_title&quot;:&quot;Painting and Sculpture of Europe&quot;,&quot;department_id&quot;:&quot;PC-10&quot;,&quot;artist_id&quot;:40543,&quot;artist_title&quot;:&quot;Hilaire Germain Edgar Degas&quot;,&quot;alt_artist_ids&quot;:[],&quot;artist_ids&quot;:[40543],&quot;artist_titles&quot;:[&quot;Hilaire Germain Edgar Degas&quot;],&quot;category_ids&quot;:[&quot;PC-10&quot;,&quot;PC-831&quot;],&quot;category_titles&quot;:[&quot;Painting and Sculpture of Europe&quot;,&quot;Essentials&quot;],&quot;term_titles&quot;:[&quot;painting&quot;,&quot;oil painting&quot;,&quot;women&quot;,&quot;oil paint (paint)&quot;,&quot;Impressionism&quot;,&quot;painting (image making)&quot;,&quot;european painting&quot;,&quot;everyday life (genre)&quot;,&quot;work&quot;,&quot;urban life&quot;,&quot;Century of Progress&quot;,&quot;world&apos;s fairs&quot;,&quot;Chicago World&apos;s Fairs&quot;,&quot;hats&quot;],&quot;style_id&quot;:&quot;TM-7543&quot;,&quot;style_title&quot;:&quot;Impressionism&quot;,&quot;alt_style_ids&quot;:[],&quot;style_ids&quot;:[&quot;TM-7543&quot;],&quot;style_titles&quot;:[&quot;Impressionism&quot;],&quot;classification_id&quot;:&quot;TM-9&quot;,&quot;classification_title&quot;:&quot;painting&quot;,&quot;alt_classification_ids&quot;:[&quot;TM-54&quot;],&quot;classification_ids&quot;:[&quot;TM-9&quot;,&quot;TM-54&quot;],&quot;classification_titles&quot;:[&quot;painting&quot;,&quot;european painting&quot;],&quot;subject_id&quot;:&quot;TM-8735&quot;,&quot;alt_subject_ids&quot;:[&quot;TM-10096&quot;,&quot;TM-10093&quot;,&quot;TM-10126&quot;,&quot;TM-12169&quot;,&quot;TM-11299&quot;,&quot;TM-12176&quot;,&quot;TM-12109&quot;],&quot;subject_ids&quot;:[&quot;TM-8735&quot;,&quot;TM-10096&quot;,&quot;TM-10093&quot;,&quot;TM-10126&quot;,&quot;TM-12169&quot;,&quot;TM-11299&quot;,&quot;TM-12176&quot;,&quot;TM-12109&quot;],&quot;subject_titles&quot;:[&quot;women&quot;,&quot;everyday life (genre)&quot;,&quot;work&quot;,&quot;urban life&quot;,&quot;Century of Progress&quot;,&quot;world&apos;s fairs&quot;,&quot;Chicago World&apos;s Fairs&quot;,&quot;hats&quot;],&quot;material_id&quot;:&quot;TM-2451&quot;,&quot;alt_material_ids&quot;:[],&quot;material_ids&quot;:[&quot;TM-2451&quot;],&quot;material_titles&quot;:[&quot;oil paint (paint)&quot;],&quot;technique_id&quot;:&quot;TM-4273&quot;,&quot;alt_technique_ids&quot;:[&quot;TM-3891&quot;],&quot;technique_ids&quot;:[&quot;TM-4273&quot;,&quot;TM-3891&quot;],&quot;technique_titles&quot;:[&quot;oil painting&quot;,&quot;painting (image making)&quot;],&quot;theme_titles&quot;:[&quot;Essentials&quot;],&quot;image_id&quot;:&quot;6f513908-03cc-b974-633b-adfce56b7936&quot;,&quot;alt_image_ids&quot;:[],&quot;document_ids&quot;:[&quot;2149bc62-56f8-b16a-b3d2-b15e3bbeef59&quot;],&quot;sound_ids&quot;:[&quot;2149bc62-56f8-b16a-b3d2-b15e3bbeef59&quot;],&quot;video_ids&quot;:[],&quot;text_ids&quot;:[],&quot;section_ids&quot;:[],&quot;section_titles&quot;:[],&quot;site_ids&quot;:[],&quot;suggest_autocomplete_boosted&quot;:&quot;The Millinery Shop&quot;,&quot;suggest_autocomplete_all&quot;:[{&quot;input&quot;:[&quot;1933.428&quot;],&quot;contexts&quot;:{&quot;groupings&quot;:[&quot;accession&quot;]}},{&quot;input&quot;:[&quot;The Millinery Shop&quot;],&quot;weight&quot;:26939,&quot;contexts&quot;:{&quot;groupings&quot;:[&quot;title&quot;]}}],&quot;source_updated_at&quot;:&quot;2023-11-20T00:30:10-06:00&quot;,&quot;updated_at&quot;:&quot;2023-11-20T00:31:40-06:00&quot;,&quot;timestamp&quot;:&quot;2023-11-20T05:28:36-06:00&quot;},{&quot;id&quot;:13096,&quot;api_model&quot;:&quot;artworks&quot;,&quot;api_link&quot;:&quot;https:\/\/api.artic.edu\/api\/v1\/artworks\/13096&quot;,&quot;is_boosted&quot;:false,&quot;title&quot;:&quot;The Baptism of the Eunuch&quot;,&quot;alt_titles&quot;:null,&quot;thumbnail&quot;:{&quot;lqip&quot;:&quot;data:image\/gif;base64,R0lGODlhBgAFAPQAAK2biK6biLejj7yqlsKvmsiznsi1n8m2ocu2oMq3o865os27p867qM+8qdHArNXBrdjDrNnFrdjFr9vFrtvJteHNtuDMt+LNt+DOuOLOuOPRu+PRvePTwAAAAAAAAAAAACH5BAAAAAAALAAAAAAGAAUAAAUYIKdV2bVhSARNFjUYgmItBBAUjCMdydOEADs=&quot;,&quot;width&quot;:2625,&quot;height&quot;:2250,&quot;alt_text&quot;:&quot;A work made of etching on buff laid paper.&quot;},&quot;main_reference_number&quot;:&quot;1924.618&quot;,&quot;has_not_been_viewed_much&quot;:false,&quot;boost_rank&quot;:null,&quot;date_start&quot;:1641,&quot;date_end&quot;:1641,&quot;date_display&quot;:&quot;1641&quot;,&quot;date_qualifier_title&quot;:&quot;&quot;,&quot;date_qualifier_id&quot;:null,&quot;artist_display&quot;:&quot;Rembrandt van Rijn\nDutch, 1606-1669&quot;,&quot;place_of_origin&quot;:&quot;Holland&quot;,&quot;description&quot;:null,&quot;dimensions&quot;:&quot;Plate: 18.2 \u00d7 21.3 cm (7 3\/16 \u00d7 8 7\/16 in.); Sheet: 18.7 \u00d7 21.6 cm (7 3\/8 \u00d7 8 9\/16 in.)&quot;,&quot;dimensions_detail&quot;:[{&quot;depth_cm&quot;:0,&quot;depth_in&quot;:0,&quot;width_cm&quot;:21.3,&quot;width_in&quot;:8.3859,&quot;height_cm&quot;:18.2,&quot;height_in&quot;:7.1654,&quot;diameter_cm&quot;:0,&quot;diameter_in&quot;:0,&quot;clarification&quot;:&quot;Plate&quot;},{&quot;depth_cm&quot;:0,&quot;depth_in&quot;:0,&quot;width_cm&quot;:21.6,&quot;width_in&quot;:8.504,&quot;height_cm&quot;:18.7,&quot;height_in&quot;:7.3623,&quot;diameter_cm&quot;:0,&quot;diameter_in&quot;:0,&quot;clarification&quot;:&quot;Sheet&quot;}],&quot;medium_display&quot;:&quot;Etching on buff laid paper&quot;,&quot;inscriptions&quot;:null,&quot;credit_line&quot;:&quot;John H. Wrenn Memorial Collection&quot;,&quot;catalogue_display&quot;:&quot;&lt;p&gt;Seidlitz 98&lt;\/p&gt;&lt;p&gt;Hind 182&lt;\/p&gt;&lt;p&gt;Bi\u00f6rklund 41-E&lt;\/p&gt;&lt;p&gt;Rovinskii 98&lt;\/p&gt;&lt;p&gt;Munz 196&lt;\/p&gt;&lt;p&gt;Middleton 185&lt;\/p&gt;&lt;p&gt;White &amp; Boon 98&lt;\/p&gt;&lt;p&gt;Bartsch 98 I\/II&lt;\/p&gt;&lt;p&gt;New Hollstein 186 II\/IV&lt;\/p&gt;&quot;,&quot;publication_history&quot;:null,&quot;exhibition_history&quot;:null,&quot;provenance_text&quot;:null,&quot;edit
[...]
ck M. Sweeney, New York, 1924 [letter from James Sweeney, Sept. 1, 1975, in curatorial file]; sold to the Art Institute of Chicago, 1937.\\\",\\\"edition\\\":null,\\\"publishing_verification_level\\\":\\\"Web Cataloged\\\",\\\"internal_department_id\\\":246,\\\"fiscal_year\\\":1940,\\\"fiscal_year_deaccession\\\":null,\\\"is_public_domain\\\":false,\\\"is_zoomable\\\":true,\\\"max_zoom_window_size\\\":1280,\\\"copyright_notice\\\":\\\"\\\\u00a9 2018 Artists Rights Society (ARS), New York \\\\/ ADAGP, Paris\\\",\\\"has_multimedia_resources\\\":false,\\\"has_educational_resources\\\":false,\\\"has_advanced_imaging\\\":false,\\\"colorfulness\\\":15.493,\\\"color\\\":{\\\"h\\\":51,\\\"l\\\":50,\\\"s\\\":7,\\\"percentage\\\":0.05441860815268184,\\\"population\\\":506},\\\"latitude\\\":null,\\\"longitude\\\":null,\\\"latlon\\\":null,\\\"is_on_view\\\":false,\\\"on_loan_display\\\":\\\"<p>On loan to La Piscine (Mus\\\\u00e9e d\'art et d\'industrie Andr\\\\u00e9-Diligent) in Roubaix for <i>Marc Chagall: The Cry of Freedom<\\\\/i><\\\\/p>\\\",\\\"gallery_title\\\":null,\\\"gallery_id\\\":null,\\\"nomisma_id\\\":null,\\\"artwork_type_title\\\":\\\"Painting\\\",\\\"artwork_type_id\\\":1,\\\"department_title\\\":\\\"Modern Art\\\",\\\"department_id\\\":\\\"PC-11\\\",\\\"artist_id\\\":33909,\\\"artist_title\\\":\\\"Marc Chagall\\\",\\\"alt_artist_ids\\\":[],\\\"artist_ids\\\":[33909],\\\"artist_titles\\\":[\\\"Marc Chagall\\\"],\\\"category_ids\\\":[\\\"PC-11\\\"],\\\"category_titles\\\":[\\\"Modern Art\\\"],\\\"term_titles\\\":[\\\"painting\\\",\\\"Century of Progress\\\",\\\"Modernism\\\",\\\"prayer shawls\\\",\\\"modern and contemporary art\\\",\\\"world\'s fairs\\\",\\\"Chicago World\'s Fairs\\\",\\\"beards\\\",\\\"praying\\\",\\\"religious attire\\\",\\\"religious figures\\\",\\\"religion\\\",\\\"Jewish people\\\",\\\"Judaism\\\",\\\"Joseph Winterbotham Collection\\\"],\\\"style_id\\\":\\\"TM-5981\\\",\\\"style_title\\\":\\\"Modernism\\\",\\\"alt_style_ids\\\":[],\\\"style_ids\\\":[\\\"TM-5981\\\"],\\\"style_titles\\\":[\\\"Modernism\\\"],\\\"classification_id\\\":\\\"TM-9\\\",\\\"classification_title\\\":\\\"painting\\\",\\\"alt_classification_ids\\\":[\\\"TM-155\\\"],\\\"classification_ids\\\":[\\\"TM-9\\\",\\\"TM-155\\\"],\\\"classification_titles\\\":[\\\"painting\\\",\\\"modern and contemporary art\\\"],\\\"subject_id\\\":\\\"TM-12169\\\",\\\"alt_subject_ids\\\":[\\\"TM-14273\\\",\\\"TM-11299\\\",\\\"TM-12176\\\",\\\"TM-12347\\\",\\\"TM-12734\\\",\\\"TM-12732\\\",\\\"TM-12554\\\",\\\"TM-11421\\\",\\\"TM-12731\\\",\\\"TM-12592\\\",\\\"TM-14413\\\"],\\\"subject_ids\\\":[\\\"TM-12169\\\",\\\"TM-14273\\\",\\\"TM-11299\\\",\\\"TM-12176\\\",\\\"TM-12347\\\",\\\"TM-12734\\\",\\\"TM-12732\\\",\\\"TM-12554\\\",\\\"TM-11421\\\",\\\"TM-12731\\\",\\\"TM-12592\\\",\\\"TM-14413\\\"],\\\"subject_titles\\\":[\\\"Century of Progress\\\",\\\"prayer shawls\\\",\\\"world\'s fairs\\\",\\\"Chicago World\'s Fairs\\\",\\\"beards\\\",\\\"praying\\\",\\\"religious attire\\\",\\\"religious figures\\\",\\\"religion\\\",\\\"Jewish people\\\",\\\"Judaism\\\",\\\"Joseph Winterbotham Collection\\\"],\\\"material_id\\\":null,\\\"alt_material_ids\\\":[],\\\"material_ids\\\":[],\\\"material_titles\\\":[],\\\"technique_id\\\":null,\\\"alt_technique_ids\\\":[],\\\"technique_ids\\\":[],\\\"technique_titles\\\":[],\\\"theme_titles\\\":[],\\\"image_id\\\":\\\"0b5057af-97c6-5eb8-7328-fa9cf46d8751\\\",\\\"alt_image_ids\\\":[],\\\"document_ids\\\":[],\\\"sound_ids\\\":[],\\\"video_ids\\\":[],\\\"text_ids\\\":[],\\\"section_ids\\\":[],\\\"section_titles\\\":[],\\\"site_ids\\\":[],\\\"suggest_autocomplete_boosted\\\":\\\"The Praying Jew\\\",\\\"suggest_autocomplete_all\\\":[{\\\"input\\\":[\\\"1937.188\\\"],\\\"contexts\\\":{\\\"groupings\\\":[\\\"accession\\\"]}},{\\\"input\\\":[\\\"The Praying Jew\\\"],\\\"weight\\\":20003,\\\"contexts\\\":{\\\"groupings\\\":[\\\"title\\\"]}}],\\\"source_updated_at\\\":\\\"2023-11-20T00:30:10-06:00\\\",\\\"updated_at\\\":\\\"2023-11-20T00:31:37-06:00\\\",\\\"timestamp\\\":\\\"2023-11-20T05:28:36-06:00\\\"},{\\\"id\\\":26715,\\\"api_model\\\":\\\"artworks\\\",\\\"api_link\\\":\\\"https:\\\\/\\\\/api.artic.edu\\\\/api\\\\/v1\\\\/artworks\\\\/26715\\\",\\\"is_boosted\\\":false,\\\"title\\\":\\\"Seated Nude\\\",\\\"alt_titles\\\":null,\\\"thumbnail\\\":{\\\"lqip\\\":\\\"data:image\\\\/gif;base64,R0lGODlhBAAFAPQAAM+Occ+RcdKQc9SUeNOmhNmlhNOohdOride3ldmzlNa8m9m4mdy6m9q7ndi+o92\\\\/o9fFqtfFq93CqdzMsQAAAAAAAAAAAAAAAAAAAAAAAAAAAAAAAAAAAAAAAAAAAAAAACH5BAAAAAAALAAAAAAEAAUAAAUR4NQAA0QEQmQghXMoibQwTwgAOw==\\\",\\\"width\\\":4707,\\\"height\\\":6533,\\\"alt_text\\\":\\\"A work made of red chalk on buff laid paper.\\\"},\\\"main_reference_number\\\":\\\"1967.30\\\",\\\"has_not_been_viewed_much\\\":false,\\\"boost_rank\\\":null,\\\"date_start\\\":1858,\\\"date_end\\\":1860,\\\"date_display\\\":\\\"1858\\\\/60\\\",\\\"date_qualifier_title\\\":\\\"\\\",\\\"date_qualifier_id\\\":null,\\\"artist_display\\\":\\\"\\\\u00c9douard Manet\\\\nFrench, 1832-1883\\\",\\\"place_of_origin\\\":\\\"France\\\",\\\"description\\\":null,\\\"dimensions\\\":\\\"28 \\\\u00d7 20 cm (11 1\\\\/16 \\\\u00d7 7 7\\\\/8 in.)\\\",\\\"dimensions_detail\\\":[{\\\"depth_cm\\\":0,\\\"depth_in\\\":0,\\\"width_cm\\\":20,\\\"width_in\\\":7.8741,\\\"height_cm\\\":28,\\\"height_in\\\":11.0237,\\\"diameter_cm\\\":0,\\\"diameter_in\\\":0,\\\"clarification\\\":null}],\\\"medium_display\\\":\\\"Red chalk on buff laid paper\\\",\\\"inscriptions\\\":\\\"Signed lower right, in graphite: \\\\\\\"E. Manet\\\\\\\"; inscribed upper left, in graphite: \\\\\\\"2\\\\\\\"; verso, lower center, in graphite: \\\\\\\"51 (?) x 40\\\\\\\"; just below and slightly to the right, in graphite: \\\\\\\"6\\\\\\\"\\\",\\\"credit_line\\\":\\\"Purchased with funds provided by the Joseph and Helen Regenstein Foundation\\\",\\\"catalogue_display\\\":null,\\\"publication_history\\\":\\\"\\\\u00c9cole nationale des beaux-arts, Exposition des oeuvres de \\\\u00c9douard Manet, with a preface by \\\\u00c9mile Zola, exh. cat. (A. Quantin, 1884), cat. 177, as Cadre.\\\\n\\\\nEtienne Moreau-Nelaton, Manet racont\\\\u00e9 par lui-m\\\\u00eame, vol. 2 (Henri Laurens, 1926), p. 132, no. 17p, fig. 353.\\\\n\\\\nRoyal Academy of Arts, Exhibition of French Art: 1200\\\\u20131900, Jan.\\\\u2013Mar. (Burlington House, 1932), p. 461, cat. 993.\\\\n\\\\nMus\\\\u00e9e de l\\\\u2019Orangerie, Manet and Modern Beauty: Exposition Manet, 1832-1883, with a preface by Paul Val\\\\u00e9ry and introduction by Paul Jamot, exh. cat. (\\\\u00c9ditions des Mus\\\\u00e9es Nationaux, 1932), p. 79, cat. 106.\\\\n\\\\nRobert Rey, Choix de soixante-quatre dessins de Edouard Manet (Braun & Cie., 1932), fig. 10.\\\\n\\\\nCommemorative Catalogue of the Exhibition of French Art, 1200\\\\u20131900, Royal Academy of Arts, London, January\\\\u2013March 1932 (Oxford University Press, 1933), p. 180, no. 874, pl. 199.\\\\n\\\\nAmbroise Vollard, Recollections of a Picture Dealer, trans. Violet M. MacDonald (Constable, 1936), pp. 39\\\\u201340.\\\\n\\\\nPalais National des Arts, Chefs d\\\\u2019oeuvre de l\\\\u2019art Fran\\\\u00e7ais, with an introduction by Henri Focillon (Paris, 1937), cat. 686, pp. 314\\\\u201315.\\\\n\\\\nGotthard Jedlicka, \\\\u00c9douard Manet (Eugen Rentsch, 1941), pp. 241\\\\u201342, ill. opp. 251.\\\\n\\\\nBernhard Degenhart, Europ\\\\u00e4ische Handzeichnungen aus F\\\\u00fcnf Jahrhunderten (Atlantis, 1943), p. 193, no. 164 (ill.).\\\\n\\\\nDouglas Cooper, The Courtauld Collection (University of London, 1954), p. 143, under no. 140.\\\\n\\\\nRobert Rey, Manet (Flammarion, 1962), p. 86 (ill.).\\\\n\\\\nJacques Mathey, Graphisme de Manet: Essai de catalogue raisonn\\\\u00e9 des dessins (F. de Nobele, 1961), pp. 14\\\\u201315, 27, no. 50 (ill.).\\\\n\\\\nJacques Mathey, Identification d\\\\u2019oeuvres ayant fait partie de la succession de Madame Veuve \\\\u00c9douard Manet (Tournon, 1964), n. pag., under no. 12.\\\\n\\\\nMartha Schmierer and Richard Verdi, \\\\u201cThoughts Arising from the Philadelphia-Chicago Manet Exhibition,\\\\u201d Art Quarterly 30, 3\\\\u20134 (1967), pp. 244, 249, fig. 1.\\\\n\\\\n\\\\u201cAccessions of American and Canadian Museums,\\\\u201d Art Quarterly 30, 3\\\\u20134 (Winter 1967), pp. 268, 280 (ill.).\\\\n\\\\nAnne Coffin Hanson, \\\\u00c9douard Manet: 1832\\\\u20131883, exh. cat. Philadelphia Museum of Art\\\\/The Art Institute of Chicago, 1967) cat. 196, n. pag.\\\\n\\\\nJean Selz, XIXth Century Drawings and Water-colors, trans. Rosalie Siegel (Crown, 1968), p. 136 (ill.).\\\\n\\\\nAlain de Leiris, The Drawings of \\\\u00c9douard Manet (University of California Press, 1969), pp. 19, 31, 59\\\\u201361, 64, no. 186, fig. 44.\\\\n\\\\nMaurice S\\\\u00e9rullaz and Arlette S\\\\u00e9rullaz, I disegni dei Maestri: l\\\\u2019Ottocento Francese (Fratelli Fabbri Editori, 1970), p. 91, fig. 29.\\\\n\\\\nHarold Joachim, The Helen Regenstein Collection of European Drawings, with a preface by Leigh B. Block and John Maxon, exh. cat. (Art Institute of Chicago, 1974), cat. 73 (ill.), pp. 148\\\\u201349.\\\\n\\\\nDenis Rouart and Daniel Wildenstein, \\\\u00c9douard Manet: Catalogue Raisonn\\\\u00e9, vol. 2, Pastels, aquarelles et dessins (Biblioth\\\\u00e8que des Arts, 1975), pp. 138\\\\u201339, no. 363 (ill.).\\\\n\\\\nColin Eisler, The Seeing Hand: A Treasury of Great Master Drawings (Harper and Row, 1975), n. pag., no. F. 12 (ill.).\\\\n\\\\nHarold Joachim and Suzanne Folds McCullagh, Dessins fran\\\\u00e7ais de l\\\\u2019Art Institute de Chicago de Watteau \\\\u00e0 Picasso (The Art Institute of Chicago, 1977), cat. 54 (ill.), n. pag.\\\\n\\\\nSt\\\\u00e4dtische Galerie im St\\\\u00e4delschen Kunstinstitut, Franz\\\\u00f6sische Zeichnungen aus dem Art Institute of Chicago (Art Institute of Chicago\\\\/St\\\\u00e4dtische Galerie im St\\\\u00e4delschen Kunstinstitut, 1977), cat. 53 (ill.), pp. 112\\\\u201314.\\\\n\\\\nHarold Joachim and Sandra Haller Olsen, French Drawings and Sketchbooks of the Nineteenth Century, vol. 2 (University of Chicago Press, 1979), pp. 66\\\\u201367, no. 43.\\\\n\\\\nBeatrice Farwell, Manet and the Nude: A Study in Iconography in the Second Empire (Garland Publishing, 1981), pp. x, 157, 410, fig 116.\\\\n\\\\nJane Boruff Resso, \\\\u201cEdouard Manet\\\\u2019s Later Nudes,\\\\u201d MA thesis, Case Western Reserve University, 1981, pp. ix, no. 24; 257, no. 34.\\\\n\\\\nFran\\\\u00e7oise Cachin, Charles S. Moffett, Juliet Wilson-Bareau, and Michel S. Melot, Manet 1832\\\\u20131883, exh. cat. (Metropolitan Museum of Art, 1983), cat. 24 (ill.), pp. 91\\\\u201392, 186.\\\\n\\\\nMartha Tedeschi, Great Drawings from the Art Institute of Chicago: The Harold Joachim Years, 1958\\\\u20131983, exh. cat. (The Art Institute of Chicago, 1985), cat. 66 (ill.), pp. 146\\\\u201347.\\\\n\\\\nJuliet Wilson-Bareau, \\\\u201cThe Hidden Face of Manet: An Investigation of the Artist\\\\u2019s Working Processes,\\\\u201dBurlington Magazine 128, 997 (Apr. 1986), p. 33, no. 11, fig. 36.\\\\n\\\\nHorst Keller, Edouard Manet (Bruckmann, 1989), pp. 31, figs. 23, 33, 172.\\\\n\\\\nJuliet Wilson-Bareau, ed., Manet by Himself: Correspondence and Conversation: Paintings, Pastels, Prints and Drawings (Macdonald, 1991), pp. 81, no. 43 (ill.), 307.\\\\n\\\\nPeter Meller, \\\\u201cManet in Italy: Some Newly Identified Sources for His Early Sketchbooks,\\\\u201d Burlington Magazine 144, 1187 (Feb. 2002), pp. 97, fig. 91, pp. 107\\\\u20138.\\\\n\\\\nManet en el Prado, exh. cat. (Museo Nacional del Prado, 2003), p. 149, fig. 61.\\\\n\\\\nMaria Teresa Benedetti, Manet, exh. cat. (Skira, 2005), p. 130.\\\\n\\\\nWayne Andersen, Manet: The Picnic & the Prostitute (Fabriart, 2005), pp. 28\\\\u201329, fig. 21.\\\\n\\\\nJuliet Wilson-Bareau and Malcolm Park, Division and Revision: Manet\\\\u2019s Reichshoffen Revealed (Paul Holberton, 2005), cat. 37, pp. 54, fig. 41, 56, 85.\\\\n\\\\nAnne Roquebert, \\\\u201cA Widening Circle: Vollard and His Clients,\\\\u201d in C\\\\u00e9zanne to Picasso: Ambroise Vollard, Patron of the Avant-Garde, ed. Rebecca A. Rabinow, exh. cat. (Metropolitan Museum of Art, 2006), pp. 219, 228, note 8.\\\\n\\\\nChristopher Lloyd, Impressionism: Pastels, Watercolors, Drawings, exh. cat (Milwaukee Art Museum, 2011), pp. 172\\\\u201374, pl. 86.\\\\n\\\\nJuliet Wilson-Bareau, \\\\u201cGoya und Manet: Zwei Meister hafte Malerradierer Zwei Seelenverwandte Geister,\\\\u201d in Die Historische Sammlung Otto Gerstenberg, ed. Juliette Scharf and Janna Strzoda (Hatje Cantz, 2012), vol. 1, p. 156.\\\\n\\\\n\\\\u201cManet, Cat. 1, Seated Nude,\\\\u201d in Manet Paintings and Works on Paper at the Art Institute of Chicago (Art Institute of Chicago, 2017), <a href=\\\\\\\"https:\\\\/\\\\/publications.artic.edu\\\\/manet\\\\/reader\\\\/manetart\\\\/section\\\\/140020\\\\\\\">https:\\\\/\\\\/publications.artic.edu\\\\/manet\\\\/reader\\\\/manetart\\\\/section\\\\/140020<\\\\/a>.\\\",\\\"exhibition_history\\\":\\\"Paris, \\\\u00c9cole Nationale des Beaux-Arts, Exposition des oeuvres de \\\\u00c9douard Manet, Jan. 1884, cat. 177, as Cadre.\\\\n\\\\nLondon, Royal Academy of Arts, Exhibition of French Art 1200\\\\u20131900, Jan.\\\\u2013Mar. 1932, cat. 993, p. 461.\\\\n\\\\nParis, Mus\\\\u00e9e de l\\\\u2019Orangerie, Manet, 1932, cat. 106, p. 79.\\\\n\\\\nParis, Palais National des Arts, Chefs d\\\\u2019oeuvre de l\\\\u2019art Fran\\\\u00e7ais, 1937, cat. 686, pp. 314\\\\u201315.\\\\n\\\\nArt Institute of Chicago, \\\\u00c9douard Manet, 1832\\\\u20131883, Jan. 13\\\\u2013Feb. 19, 1967, addenda, cat. 196, n. pag.\\\\n\\\\nArt Institute of Chicago, The Helen Regenstein Collection of European Drawings, summer 1974, cat. 73 (ill.), pp. 148\\\\u201349.\\\\n\\\\nParis, Mus\\\\u00e9e du Louvre, Dessins fran\\\\u00e7ais de l\\\\u2019Art Institute de Chicago de Watteau \\\\u00e0 Picasso, Oct. 15, 1976\\\\u2013Jan. 17, 1977, cat. 54 (ill.), n. pag.\\\\n\\\\nFrankfurt am Main, Germany, St\\\\u00e4dtische Galerie im St\\\\u00e4delschen Kunstinstitut, Franz\\\\u00f6sische Zeichnungen aus dem Art Institute of Chicago, Feb. 10\\\\u2013Apr. 10, 1977, cat. 53 (ill.), pp. 112\\\\u201314.\\\\n\\\\nParis, Galeries nationales du Grand Palais, Manet, 1832\\\\u20131883, Apr. 22\\\\u2013Aug. 1, 1983, cat. 24 (ill.), pp. 91\\\\u201392, 186; New York, Metropolitan Museum of Art, Sept. 10\\\\u2013Nov. 27, 1983.\\\\n\\\\nArt Institute of Chicago, Great Drawings from The Art Institute of Chicago: The Harold Joachim Years, 1958\\\\u20131983, July 24\\\\u2013Sept. 30, 1985, cat. 66 (ill.), pp. 146\\\\u201347.\\\\n\\\\nLondon, Courtauld Institute Galleries, The Hidden Face of Manet: An Investigation of the Artist\\\\u2019s Working Processes, Apr. 23\\\\u2013June 15, 1986, cat. 11, pp. 32\\\\u201334, 91, color fig. 1, fig. 36.\\\\n\\\\nVienna, Albertina, Impressionism: Pastels, Watercolors, Drawings, Feb. 9\\\\u2013May 13, 2012, pp. 172\\\\u201374, pl. 86.\\\\n\\\\nParis,  Mus\\\\u00e9e d\'Orsay, \\\\\\\"Manet Degas\\\\\\\", March 27 - July 23, 2023, traveled to New York, Metropolitan Museum of Art, September 18, 2023 - January 7, 2024.\\\",\\\"provenance_text\\\":\\\"Sold by the artist to Alphonse Dumas (1844\\\\u20131913), Paris; given to Ambroise Vollard (1867\\\\u20131939), Paris, for re-sale, 1891\\\\/92; probably sold to Auguste Pellerin (1853\\\\u20131929), Paris, Dec. 30, 1898 [See Ambroise Vollard, Recollections of a Picture Dealer, trans. Violet M. MacDonald (Constable, 1936), pp. 39\\\\u201340 and Anne Roquebert, \\\\u201cA Widening Circle: Vollard and His Clients,\\\\u201d in C\\\\u00e9zanne to Picasso: Ambroise Vollard, Patron of the Avant-Garde, ed. Rebecca A. Rabinow, exh. cat. (Metropolitan Museum of Art, 2006), pp. 219, 228, n. 8]; sold, H\\\\u00f4tel Drouot, Paris, May 7, 1926, lot 35, to Marcel Gu\\\\u00e9rin (1873\\\\u20131948), Paris [New York, 1983 exh. cat.]; by descent to his daughter Edm\\\\u00e9e Gu\\\\u00e9rin (1909\\\\u20131999, later Indig-Gu\\\\u00e9rin) [New York, 1983 exh. cat.]. Sold by Wildenstein and Company, New York, to the Art Institute of Chicago, 1967.\\\",\\\"edition\\\":null,\\\"publishing_verification_level\\\":\\\"Web Cataloged\\\",\\\"internal_department_id\\\":3,\\\"fiscal_year\\\":null,\\\"fiscal_year_deaccession\\\":null,\\\"is_public_domain\\\":true,\\\"is_zoomable\\\":true,\\\"max_zoom_window_size\\\":-1,\\\"copyright_notice\\\":null,\\\"has_multimedia_resources\\\":false,\\\"has_educational_resources\\\":false,\\\"has_advanced_imaging\\\":false,\\\"colorfulness\\\":48.4188,\\\"color\\\":{\\\"h\\\":4,\\\"l\\\":32,\\\"s\\\":75,\\\"percentage\\\":0.00040555200697549456,\\\"population\\\":4},\\\"latitude\\\":null,\\\"longitude\\\":null,\\\"latlon\\\":null,\\\"is_on_view\\\":false,\\\"on_loan_display\\\":\\\"<p>On loan to Metropolitan Museum of Art in New York City for <i>Manet Degas<\\\\/i><\\\\/p>\\\",\\\"gallery_title\\\":null,\\\"gallery_id\\\":null,\\\"nomisma_id\\\":null,\\\"artwork_type_title\\\":\\\"Drawing and Watercolor\\\",\\\"artwork_type_id\\\":14,\\\"department_title\\\":\\\"Prints and Drawings\\\",\\\"department_id\\\":\\\"PC-13\\\",\\\"artist_id\\\":35577,\\\"artist_title\\\":\\\"\\\\u00c9douard Manet\\\",\\\"alt_artist_ids\\\":[],\\\"artist_ids\\\":[35577],\\\"artist_titles\\\":[\\\"\\\\u00c9douard Manet\\\"],\\\"category_ids\\\":[\\\"PC-13\\\"],\\\"category_titles\\\":[\\\"Prints and Drawings\\\"],\\\"term_titles\\\":[\\\"chalk\\\",\\\"paper (fiber product)\\\",\\\"chalk sticks\\\",\\\"red chalk\\\",\\\"chalk\\\",\\\"inorganic material\\\",\\\"drawings (visual works)\\\",\\\"prints and drawing\\\"],\\\"style_id\\\":null,\\\"style_title\\\":null,\\\"alt_style_ids\\\":[],\\\"style_ids\\\":[],\\\"style_titles\\\":[],\\\"classification_id\\\":\\\"TM-209\\\",\\\"classification_title\\\":\\\"chalk\\\",\\\"alt_classification_ids\\\":[\\\"TM-5\\\",\\\"TM-4\\\"],\\\"classification_ids\\\":[\\\"TM-209\\\",\\\"TM-5\\\",\\\"TM-4\\\"],\\\"classification_titles\\\":[\\\"chalk\\\",\\\"drawings (visual works)\\\",\\\"prints and drawing\\\"],\\\"subject_id\\\":null,\\\"alt_subject_ids\\\":[],\\\"subject_ids\\\":[],\\\"subject_titles\\\":[],\\\"material_id\\\":\\\"TM-2982\\\",\\\"alt_material_ids\\\":[\\\"TM-2413\\\",\\\"TM-2415\\\",\\\"TM-3782\\\",\\\"TM-2600\\\"],\\\"material_ids\\\":[\\\"TM-2982\\\",\\\"TM-2413\\\",\\\"TM-2415\\\",\\\"TM-3782\\\",\\\"TM-2600\\\"],\\\"material_titles\\\":[\\\"paper (fiber product)\\\",\\\"chalk sticks\\\",\\\"red chalk\\\",\\\"chalk\\\",\\\"inorganic material\\\"],\\\"technique_id\\\":null,\\\"alt_technique_ids\\\":[],\\\"technique_ids\\\":[],\\\"technique_titles\\\":[],\\\"theme_titles\\\":[],\\\"image_id\\\":\\\"cf95a821-e48a-1d64-0375-47e7597fb197\\\",\\\"alt_image_ids\\\":[],\\\"document_ids\\\":[],\\\"sound_ids\\\":[],\\\"video_ids\\\":[],\\\"text_ids\\\":[],\\\"section_ids\\\":[],\\\"section_titles\\\":[],\\\"site_ids\\\":[],\\\"suggest_autocomplete_all\\\":[{\\\"input\\\":[\\\"1967.30\\\"],\\\"contexts\\\":{\\\"groupings\\\":[\\\"accession\\\"]}},{\\\"input\\\":[\\\"Seated Nude\\\"],\\\"weight\\\":911,\\\"contexts\\\":{\\\"groupings\\\":[\\\"title\\\"]}}],\\\"source_updated_at\\\":\\\"2023-11-20T00:30:10-06:00\\\",\\\"updated_at\\\":\\\"2023-11-20T00:31:36-06:00\\\",\\\"timestamp\\\":\\\"2023-11-20T05:28:36-06:00\\\"}],\\\"info\\\":{\\\"license_text\\\":\\\"The `description` field in this response is licensed under a Creative Commons Attribution 4.0 Generic License (CC-By) and the Terms and Conditions of artic.edu. All other data in this response is licensed under a Creative Commons Zero (CC0) 1.0 designation and the Terms and Conditions of artic.edu.\\\",\\\"license_links\\\":[\\\"https:\\\\/\\\\/creativecommons.org\\\\/publicdomain\\\\/zero\\\\/1.0\\\\/\\\",\\\"https:\\\\/\\\\/www.artic.edu\\\\/terms\\\"],\\\"version\\\":\\\"1.9\\\"},\\\"config\\\":{\\\"iiif_url\\\":\\\"https:\\\\/\\\\/www.artic.edu\\\\/iiif\\\\/2\\\",\\\"website_url\\\":\\\"http:\\\\/\\\\/www.artic.edu\\\"}}\""
    }
  }
  workflow_task_completed_event_id: 9
}



]]></system-err>
  </testcase>
</testsuite>